#
# A fatal error has been detected by the Java Runtime Environment:
#
#  SIGBUS (0x7) at pc=0x00007134705a5ffe, pid=33, tid=86
#
# JRE version: OpenJDK Runtime Environment GraalVM CE 22.1.0 (17.0.3+7) (build 17.0.3+7-jvmci-22.1-b06)
# Java VM: OpenJDK 64-Bit Server VM GraalVM CE 22.1.0 (17.0.3+7-jvmci-22.1-b06, mixed mode, sharing, tiered, jvmci, jvmci compiler, compressed oops, compressed class ptrs, parallel gc, linux-amd64)
# Problematic frame:
# V  [libjvm.so+0xc2effe]  PerfLongVariant::sample()+0x1e
#
# Core dump will be written. Default location: Core dumps may be processed with "/usr/share/apport/apport -p%p -s%s -c%c -d%d -P%P -u%u -g%g -- %E" (or dumping to /home/runner/FractionCalc-TahaLodhi1-og/core.33)
#
# If you would like to submit a bug report, please visit:
#   https://github.com/oracle/graal/issues
#

---------------  S U M M A R Y ------------

Command Line: -XX:ThreadPriorityPolicy=1 -XX:+UnlockExperimentalVMOptions -XX:+EnableJVMCIProduct -XX:-UnlockExperimentalVMOptions -Declipse.application=org.eclipse.jdt.ls.core.id1 -Dosgi.bundles.defaultStartLevel=4 -Declipse.product=org.eclipse.jdt.ls.core.product -Dlog.level=ALL -Xverify:none -XX:+UseParallelGC -XX:GCTimeRatio=4 -XX:AdaptiveSizePolicyWeight=90 -Dsun.zip.disableMemoryMapping=true -Xmx512m -Xms100m /nix/store/sd8axp731hy4smmj2vs3057mhmmkw4hg-jdt-language-server-1.9.0/share/java/plugins/org.eclipse.equinox.launcher_1.6.400.v20210924-0641.jar --add-modules=ALL-SYSTEM --add-opens java.base/java.util=ALL-UNNAMED --add-opens java.base/java.lang=ALL-UNNAMED -configuration /home/runner/FractionCalc-TahaLodhi1-og/.cache/jdt-language-server/config -data /home/runner/.cache/jdt-language-server/data/home/runner/FractionCalc-TahaLodhi1-og

Host: Intel(R) Xeon(R) CPU @ 2.20GHz, 8 cores, 3G, Ubuntu 20.04.2 LTS
Time: Mon Apr 15 12:53:31 2024 UTC elapsed time: 734.775004 seconds (0d 0h 12m 14s)

---------------  T H R E A D  ---------------

Current thread (0x0000713468156d80):  WatcherThread [stack: 0x000071344f34b000,0x000071344f44b000] [id=86]

Stack: [0x000071344f34b000,0x000071344f44b000],  sp=0x000071344f449cc0,  free space=1019k
Native frames: (J=compiled Java code, j=interpreted, Vv=VM code, C=native code)
V  [libjvm.so+0xc2effe]  PerfLongVariant::sample()+0x1e
V  [libjvm.so+0xcdbd02]  StatSamplerTask::task()+0x32
V  [libjvm.so+0xd5c9ac]  PeriodicTask::real_time_tick(int)+0x5c
V  [libjvm.so+0xbc3ce7]  WatcherThread::run()+0x47
V  [libjvm.so+0xd9b2ce]  Thread::call_run()+0xde
V  [libjvm.so+0xbf0dd1]  thread_native_entry(Thread*)+0xe1


siginfo: si_signo: 7 (SIGBUS), si_code: 2 (BUS_ADRERR), si_addr: 0x000071346f76eea8

Register to memory mapping:

RAX=0x00000000001e1798 is an unknown value
RBX=0x000071346f76eea8 points into unknown readable memory: 0x00000000001e1798 | 98 17 1e 00 00 00 00 00
RCX=0x0000000000000002 is an unknown value
RDX=0x0000000000000001 is an unknown value
RSP=0x000071344f449cc0 points into unknown readable memory: 0x000071344f449cf0 | f0 9c 44 4f 34 71 00 00
RBP=0x000071344f449cd0 points into unknown readable memory: 0x000071344f449cf0 | f0 9c 44 4f 34 71 00 00
RSI=0x0 is NULL
RDI=0x0000713468021028 points into unknown readable memory: 0x0000000000000000 | 00 00 00 00 00 00 00 00
R8 =0x000071346803bf40 points into unknown readable memory: 0x0000713470abd378 | 78 d3 ab 70 34 71 00 00
R9 =0x0 is NULL
R10=0x0 is NULL
R11=0x0000000000000246 is an unknown value
R12=0x0000713468156ca0 points into unknown readable memory: 0x0000713468156cc0 | c0 6c 15 68 34 71 00 00
R13=0x0000000000000001 is an unknown value
R14=0x0000000000000002 is an unknown value
R15=0x0000713470bcd200: <offset 0x0000000001256200> in /nix/store/nfyj24p265scn3zp0pk0fm4rr5g7s2pf-graalvm17-ce-22.1.0/lib/server/libjvm.so at 0x000071346f977000


Registers:
RAX=0x00000000001e1798, RBX=0x000071346f76eea8, RCX=0x0000000000000002, RDX=0x0000000000000001
RSP=0x000071344f449cc0, RBP=0x000071344f449cd0, RSI=0x0000000000000000, RDI=0x0000713468021028
R8 =0x000071346803bf40, R9 =0x0000000000000000, R10=0x0000000000000000, R11=0x0000000000000246
R12=0x0000713468156ca0, R13=0x0000000000000001, R14=0x0000000000000002, R15=0x0000713470bcd200
RIP=0x00007134705a5ffe, EFLAGS=0x0000000000010202, CSGSFS=0x002b000000000033, ERR=0x0000000000000007
  TRAPNO=0x000000000000000e

Top of Stack: (sp=0x000071344f449cc0)
0x000071344f449cc0:   000071344f449cf0 0000000000000001
0x000071344f449cd0:   000071344f449cf0 0000713470652d02
0x000071344f449ce0:   0000000000000032 0000000000000032
0x000071344f449cf0:   000071344f449d40 00007134706d39ac 

Instructions: (pc=0x00007134705a5ffe)
0x00007134705a5efe:   66 90 31 f6 4c 89 e7 e8 06 d4 16 00 e9 7f ff ff
0x00007134705a5f0e:   ff 90 31 f6 4c 89 e7 e8 f6 d3 16 00 e9 12 ff ff
0x00007134705a5f1e:   ff 90 31 f6 4c 89 e7 e8 e6 d3 16 00 e9 96 fe ff
0x00007134705a5f2e:   ff 90 be 01 00 00 00 4c 89 e7 e8 33 06 07 00 e9
0x00007134705a5f3e:   63 fe ff ff 66 0f 1f 44 00 00 be 01 00 00 00 4c
0x00007134705a5f4e:   89 e7 e8 1b 06 07 00 e9 1c ff ff ff 66 0f 1f 44
0x00007134705a5f5e:   00 00 48 8d 05 a1 c3 5b 00 48 8d 0d d2 dc 29 00
0x00007134705a5f6e:   48 8d 15 e1 dc 29 00 be 44 01 00 00 48 8d 3d c7
0x00007134705a5f7e:   eb 2e 00 48 8b 00 c6 00 58 31 c0 e8 02 96 9a ff
0x00007134705a5f8e:   e8 4d c6 fb ff e9 bd fe ff ff 0f 1f 84 00 00 00
0x00007134705a5f9e:   00 00 be 01 00 00 00 4c 89 e7 e8 c3 05 07 00 e9
0x00007134705a5fae:   53 fe ff ff 66 0f 1f 44 00 00 4c 89 e7 45 31 e4
0x00007134705a5fbe:   e8 8d 7d 16 00 e9 bc fd ff ff 0f 1f 84 00 00 00
0x00007134705a5fce:   00 00 66 66 66 66 66 66 2e 0f 1f 84 00 00 00 00
0x00007134705a5fde:   00 00 4c 8b 47 38 4d 85 c0 74 27 55 48 89 e5 53
0x00007134705a5fee:   48 83 ec 08 49 8b 00 48 8b 5f 28 4c 89 c7 ff 10
0x00007134705a5ffe:   48 89 03 48 8b 5d f8 c9 c3 66 0f 1f 84 00 00 00
0x00007134705a600e:   00 00 c3 90 66 66 2e 0f 1f 84 00 00 00 00 00 0f
0x00007134705a601e:   1f 00 49 89 f8 48 89 f7 48 63 f2 49 8b 40 28 48
0x00007134705a602e:   8d 15 0c 18 28 00 48 8b 08 31 c0 e9 c2 6c 61 ff
0x00007134705a603e:   66 90 49 89 f8 31 c0 48 89 f7 48 63 f2 49 8b 48
0x00007134705a604e:   28 48 8d 15 dd 87 27 00 e9 a5 6c 61 ff 90 0f 1f
0x00007134705a605e:   40 00 55 48 8d 05 48 3e 5b 00 66 41 0f 6e c0 66
0x00007134705a606e:   0f 6e c9 66 0f 62 c1 48 89 e5 41 57 49 89 d7 41
0x00007134705a607e:   56 41 55 4c 63 ee 41 54 53 48 89 fb 48 83 ec 18
0x00007134705a608e:   48 89 07 48 8d 05 68 05 5d 00 48 c7 47 08 00 00
0x00007134705a609e:   00 00 4e 8b 34 e8 c6 47 18 00 48 c7 47 28 00 00
0x00007134705a60ae:   00 00 66 0f d6 47 10 48 89 d7 e8 73 6c 61 ff 4c
0x00007134705a60be:   89 f7 48 89 45 c8 e8 67 6c 61 ff 48 8b 55 c8 be
0x00007134705a60ce:   08 00 00 00 48 8d 7c 02 02 31 d2 e8 02 07 77 ff
0x00007134705a60de:   48 89 43 08 48 89 c7 41 83 fd 18 74 55 4c 89 f2
0x00007134705a60ee:   4c 89 f9 48 8d 35 12 49 28 00 31 c0 e8 11 6e 61 


Stack slot to memory mapping:
stack at sp + 0 slots: 0x000071344f449cf0 points into unknown readable memory: 0x000071344f449d40 | 40 9d 44 4f 34 71 00 00
stack at sp + 1 slots: 0x0000000000000001 is an unknown value
stack at sp + 2 slots: 0x000071344f449cf0 points into unknown readable memory: 0x000071344f449d40 | 40 9d 44 4f 34 71 00 00
stack at sp + 3 slots: 0x0000713470652d02: <offset 0x0000000000cdbd02> in /nix/store/nfyj24p265scn3zp0pk0fm4rr5g7s2pf-graalvm17-ce-22.1.0/lib/server/libjvm.so at 0x000071346f977000
stack at sp + 4 slots: 0x0000000000000032 is an unknown value
stack at sp + 5 slots: 0x0000000000000032 is an unknown value
stack at sp + 6 slots: 0x000071344f449d40 points into unknown readable memory: 0x000071344f449dc0 | c0 9d 44 4f 34 71 00 00
stack at sp + 7 slots: 0x00007134706d39ac: <offset 0x0000000000d5c9ac> in /nix/store/nfyj24p265scn3zp0pk0fm4rr5g7s2pf-graalvm17-ce-22.1.0/lib/server/libjvm.so at 0x000071346f977000


---------------  P R O C E S S  ---------------

Threads class SMR info:
_java_thread_list=0x00007133e42e3990, length=23, elements={
0x0000713468023670, 0x00007134680c4330, 0x00007134680c5760, 0x00007134680cbe90,
0x00007134680cd210, 0x00007134680ce5f0, 0x00007134680cff80, 0x00007134680d1480,
0x00007134680d28c0, 0x000071346810dab0, 0x00007134681553f0, 0x0000713410040d30,
0x0000713468301450, 0x000071346832a3f0, 0x000071346834c370, 0x00007133fc032590,
0x00007133fc409640, 0x00007133fc6c11a0, 0x00007134683a0340, 0x0000713468433c20,
0x00007133e4000e40, 0x00007133c4000d60, 0x00007133d801d1f0
}

Java Threads: ( => current thread )
  0x0000713468023670 JavaThread "main" [_thread_blocked, id=68, stack(0x000071346f799000,0x000071346f899000)]
  0x00007134680c4330 JavaThread "Reference Handler" daemon [_thread_blocked, id=73, stack(0x000071346d4ad000,0x000071346d5ad000)]
  0x00007134680c5760 JavaThread "Finalizer" daemon [_thread_blocked, id=74, stack(0x000071346cb00000,0x000071346cc00000)]
  0x00007134680cbe90 JavaThread "Signal Dispatcher" daemon [_thread_blocked, id=75, stack(0x000071346c71a000,0x000071346c81a000)]
  0x00007134680cd210 JavaThread "Service Thread" daemon [_thread_blocked, id=76, stack(0x000071346c61a000,0x000071346c71a000)]
  0x00007134680ce5f0 JavaThread "Monitor Deflation Thread" daemon [_thread_blocked, id=77, stack(0x000071346c51a000,0x000071346c61a000)]
  0x00007134680cff80 JavaThread "JVMCI-native CompilerThread0" daemon [_thread_blocked, id=78, stack(0x000071346c31a000,0x000071346c51a000)]
  0x00007134680d1480 JavaThread "C1 CompilerThread0" daemon [_thread_blocked, id=79, stack(0x000071346c11a000,0x000071346c31a000)]
  0x00007134680d28c0 JavaThread "Sweeper thread" daemon [_thread_blocked, id=80, stack(0x000071346c01a000,0x000071346c11a000)]
  0x000071346810dab0 JavaThread "Common-Cleaner" daemon [_thread_blocked, id=84, stack(0x000071344f54b000,0x000071344f64b000)]
  0x00007134681553f0 JavaThread "Notification Thread" daemon [_thread_blocked, id=85, stack(0x000071344f44b000,0x000071344f54b000)]
  0x0000713410040d30 JavaThread "Libgraal MBean Registration" daemon [_thread_blocked, id=92, stack(0x000071344c100000,0x000071344c200000)]
  0x0000713468301450 JavaThread "Active Thread: Equinox Container: a2d9c9c2-15d3-48da-8deb-5ba6e67547aa" [_thread_blocked, id=93, stack(0x0000713416d00000,0x0000713416e00000)]
  0x000071346832a3f0 JavaThread "Framework Event Dispatcher: Equinox Container: a2d9c9c2-15d3-48da-8deb-5ba6e67547aa" daemon [_thread_blocked, id=94, stack(0x0000713416b00000,0x0000713416c00000)]
  0x000071346834c370 JavaThread "Start Level: Equinox Container: a2d9c9c2-15d3-48da-8deb-5ba6e67547aa" daemon [_thread_blocked, id=95, stack(0x0000713416900000,0x0000713416a00000)]
  0x00007133fc032590 JavaThread "SCR Component Actor" daemon [_thread_blocked, id=97, stack(0x0000713416700000,0x0000713416800000)]
  0x00007133fc409640 JavaThread "Worker-JM" [_thread_blocked, id=101, stack(0x0000713416300000,0x0000713416400000)]
  0x00007133fc6c11a0 JavaThread "Bundle File Closer" daemon [_thread_blocked, id=105, stack(0x0000713415b00000,0x0000713415c00000)]
  0x00007134683a0340 JavaThread "pool-3-thread-1" [_thread_blocked, id=106, stack(0x0000713415900000,0x0000713415a00000)]
  0x0000713468433c20 JavaThread "pool-2-thread-1" [_thread_in_native, id=107, stack(0x0000713415700000,0x0000713415800000)]
  0x00007133e4000e40 JavaThread "Worker-2" [_thread_in_vm, id=108, stack(0x0000713415500000,0x0000713415600000)]
  0x00007133c4000d60 JavaThread "Worker-3" [_thread_blocked, id=111, stack(0x0000713415300000,0x0000713415400000)]
  0x00007133d801d1f0 JavaThread "Java indexing" daemon [_thread_blocked, id=141, stack(0x0000713415100000,0x0000713415200000)]

Other Threads:
  0x00007134680bfad0 VMThread "VM Thread" [stack: 0x000071346d5af000,0x000071346d6af000] [id=72]
=>0x0000713468156d80 WatcherThread [stack: 0x000071344f34b000,0x000071344f44b000] [id=86]
  0x000071346803aec0 GCTaskThread "GC Thread#0" [stack: 0x000071346f35c000,0x000071346f45c000] [id=69]
  0x00007134400012a0 GCTaskThread "GC Thread#1" [stack: 0x0000713407100000,0x0000713407200000] [id=96]

Threads with active compile tasks:

VM state: not at safepoint (normal execution)

VM Mutex/Monitor currently owned by a thread:  ([mutex/lock_event])
[0x0000713468021c90] PeriodicTask_lock - owner thread: 0x0000713468156d80

OutOfMemory and StackOverflow Exception counts:
OutOfMemoryError java_heap_errors=1
LinkageErrors=47

Heap address: 0x00000000e0000000, size: 512 MB, Compressed Oops mode: 32-bit

CDS archive(s) mapped at: [0x0000000800000000-0x0000000800bc6000-0x0000000800bc6000), size 12345344, SharedBaseAddress: 0x0000000800000000, ArchiveRelocationMode: 0.
Compressed class space mapped at: 0x0000000800c00000-0x0000000840c00000, reserved size: 1073741824
Narrow klass base: 0x0000000800000000, Narrow klass shift: 0, Narrow klass range: 0x100000000

GC Precious Log:
 CPUs: 8 total, 2 available
 Memory: 3215M
 Large Page Support: Disabled
 NUMA Support: Disabled
 Compressed Oops: Enabled (32-bit)
 Alignments: Space 512K, Generation 512K, Heap 2M
 Heap Min Capacity: 100M
 Heap Initial Capacity: 100M
 Heap Max Capacity: 512M
 Pre-touch: Disabled
 Parallel Workers: 2

Heap:
 PSYoungGen      total 23040K, used 1925K [0x00000000f5580000, 0x00000000f7580000, 0x0000000100000000)
  eden space 14336K, 13% used [0x00000000f5580000,0x00000000f5761798,0x00000000f6380000)
  from space 8704K, 0% used [0x00000000f6d00000,0x00000000f6d00000,0x00000000f7580000)
  to   space 9216K, 0% used [0x00000000f6380000,0x00000000f6380000,0x00000000f6c80000)
 ParOldGen       total 349696K, used 338012K [0x00000000e0000000, 0x00000000f5580000, 0x00000000f5580000)
  object space 349696K, 96% used [0x00000000e0000000,0x00000000f4a17280,0x00000000f5580000)
 Metaspace       used 52619K, committed 53312K, reserved 1097728K
  class space    used 5166K, committed 5440K, reserved 1048576K

Card table byte_map: [0x000071346f45c000,0x000071346f55d000] _byte_map_base: 0x000071346ed5c000

Marking Bits: (ParMarkBitMap*) 0x0000713470bc38e0
 Begin Bits: [0x000071346e2af000, 0x000071346eaaf000)
 End Bits:   [0x000071346eaaf000, 0x000071346f2af000)

Polling page: 0x000071346f776000

Metaspace:

Usage:
  Non-class:     46.34 MB used.
      Class:      5.05 MB used.
       Both:     51.39 MB used.

Virtual space:
  Non-class space:       48.00 MB reserved,      46.75 MB ( 97%) committed,  6 nodes.
      Class space:        1.00 GB reserved,       5.31 MB ( <1%) committed,  1 nodes.
             Both:        1.05 GB reserved,      52.06 MB (  5%) committed. 

Chunk freelists:
   Non-Class:  659.00 KB
       Class:  2.65 MB
        Both:  3.30 MB

MaxMetaspaceSize: unlimited
CompressedClassSpaceSize: 1.00 GB
Initial GC threshold: 21.00 MB
Current GC threshold: 86.69 MB
CDS: on
MetaspaceReclaimPolicy: balanced
 - commit_granule_bytes: 65536.
 - commit_granule_words: 8192.
 - virtual_space_node_default_size: 1048576.
 - enlarge_chunks_in_place: 1.
 - new_chunks_are_fully_committed: 0.
 - uncommit_free_chunks: 1.
 - use_allocation_guard: 0.
 - handle_deallocations: 1.


Internal statistics:

num_allocs_failed_limit: 6.
num_arena_births: 344.
num_arena_deaths: 66.
num_vsnodes_births: 7.
num_vsnodes_deaths: 0.
num_space_committed: 832.
num_space_uncommitted: 0.
num_chunks_returned_to_freelist: 89.
num_chunks_taken_from_freelist: 2270.
num_chunk_merges: 36.
num_chunk_splits: 1482.
num_chunks_enlarged: 939.
num_purges: 2.
num_inconsistent_stats: 0.

CodeHeap 'non-profiled nmethods': size=120036Kb used=2107Kb max_used=2107Kb free=117928Kb
 bounds [0x0000713457112000, 0x0000713457382000, 0x000071345e64b000]
CodeHeap 'profiled nmethods': size=120032Kb used=12880Kb max_used=12880Kb free=107151Kb
 bounds [0x000071344fbda000, 0x000071345088a000, 0x0000713457112000]
CodeHeap 'non-nmethods': size=5692Kb used=1357Kb max_used=1378Kb free=4334Kb
 bounds [0x000071344f64b000, 0x000071344f8bb000, 0x000071344fbda000]
 total_blobs=6512 nmethods=5826 adapters=601
 compilation: enabled
              stopped_count=0, restarted_count=0
 full_count=0

JVMCI Events (8 events):
Event: 0.301 Thread 0x0000713468023670 created new JVMCI runtime 0 (0x00007134680579a0)
Event: 0.301 Thread 0x0000713468023670 created new JVMCI runtime -1 (0x0000713468057a10)
Event: 0.500 Thread 0x00007134680cff80 loaded JVMCI shared library from /nix/store/nfyj24p265scn3zp0pk0fm4rr5g7s2pf-graalvm17-ce-22.1.0/lib/libjvmcicompiler.so
Event: 0.698 Thread 0x00007134680cff80 created JavaVM[1]@0x0000713417a9e278 for JVMCI runtime 0
Event: 0.698 Thread 0x00007134680cff80 initializing JVMCI runtime 0
Event: 0.737 Thread 0x00007134680cff80 initialized JVMCI runtime 0
Event: 1.988 Thread 0x0000713410000eb0 initializing JVMCI runtime -1
Event: 2.042 Thread 0x0000713410000eb0 initialized JVMCI runtime -1

Compilation events (20 events):
Event: 365.240 Thread 0x00007134680d1480 6716       3       jdk.internal.misc.Unsafe::putReferenceOpaque (9 bytes)
Event: 365.240 Thread 0x00007134680d1480 nmethod 6716 0x00007134505b3e90 code [0x00007134505b4020, 0x00007134505b4150]
Event: 405.241 Thread 0x00007134680d1480 6717       3       java.util.concurrent.locks.LockSupport::setBlocker (12 bytes)
Event: 405.241 Thread 0x00007134680d1480 nmethod 6717 0x00007134505b3b10 code [0x00007134505b3cc0, 0x00007134505b3de0]
Event: 422.124 Thread 0x00007134680d1480 6718       3       java.lang.invoke.VarHandleGuards::guard_LLL_Z (86 bytes)
Event: 422.126 Thread 0x00007134680d1480 nmethod 6718 0x00007134505b0990 code [0x00007134505b0cc0, 0x00007134505b32a0]
Event: 425.241 Thread 0x00007134680d1480 6720       3       java.lang.invoke.VarHandleReferences$FieldInstanceReadWrite::compareAndSet (48 bytes)
Event: 425.242 Thread 0x00007134680d1480 nmethod 6720 0x00007134505af810 code [0x00007134505afa80, 0x00007134505b0600]
Event: 512.173 Thread 0x00007134680d1480 6721       3       org.graalvm.compiler.hotspot.management.Factory::poll (16 bytes)
Event: 512.173 Thread 0x00007134680d1480 nmethod 6721 0x00007134505af390 code [0x00007134505af540, 0x00007134505af710]
Event: 512.174 Thread 0x00007134680d1480 6722       3       org.graalvm.compiler.hotspot.management.Factory::findMBeanServer (52 bytes)
Event: 512.174 Thread 0x00007134680d1480 nmethod 6722 0x00007134505aec10 code [0x00007134505aede0, 0x00007134505af290]
Event: 615.245 Thread 0x00007134680d1480 6723       3       java.util.concurrent.locks.AbstractQueuedSynchronizer$ConditionObject::signal (34 bytes)
Event: 615.246 Thread 0x00007134680d1480 nmethod 6723 0x00007134505ae490 code [0x00007134505ae660, 0x00007134505aeb00]
Event: 632.126 Thread 0x00007134680d1480 6724       3       java.util.concurrent.ThreadPoolExecutor::isShutdown (12 bytes)
Event: 632.126 Thread 0x00007134680d1480 nmethod 6724 0x00007134505ade90 code [0x00007134505ae040, 0x00007134505ae230]
Event: 635.246 Thread 0x00007134680d1480 6725       3       java.util.concurrent.ScheduledThreadPoolExecutor::canRunInCurrentRunState (61 bytes)
Event: 635.247 Thread 0x00007134680d1480 nmethod 6725 0x000071345065e710 code [0x000071345065e920, 0x000071345065f3c0]
Event: 655.246 Thread 0x00007134680cff80 6726       4       java.util.concurrent.locks.ReentrantLock$NonfairSync::initialTryLock (58 bytes)
Event: 655.250 Thread 0x00007134680cff80 nmethod 6726 0x0000713457320c10 code [0x0000713457320d80, 0x0000713457320e88]

GC Heap History (20 events):
Event: 18.782 GC heap before
{Heap before GC invocations=92 (full 7):
 PSYoungGen      total 20992K, used 20118K [0x00000000f5580000, 0x00000000f7000000, 0x0000000100000000)
  eden space 16384K, 100% used [0x00000000f5580000,0x00000000f6580000,0x00000000f6580000)
  from space 4608K, 81% used [0x00000000f6580000,0x00000000f69259f8,0x00000000f6a00000)
  to   space 4096K, 0% used [0x00000000f6c00000,0x00000000f6c00000,0x00000000f7000000)
 ParOldGen       total 349696K, used 332232K [0x00000000e0000000, 0x00000000f5580000, 0x00000000f5580000)
  object space 349696K, 95% used [0x00000000e0000000,0x00000000f4472168,0x00000000f5580000)
 Metaspace       used 50653K, committed 51392K, reserved 1097728K
  class space    used 5095K, committed 5376K, reserved 1048576K
}
Event: 18.804 GC heap after
{Heap after GC invocations=92 (full 7):
 PSYoungGen      total 17920K, used 4074K [0x00000000f5580000, 0x00000000f7a00000, 0x0000000100000000)
  eden space 13824K, 0% used [0x00000000f5580000,0x00000000f5580000,0x00000000f6300000)
  from space 4096K, 99% used [0x00000000f6c00000,0x00000000f6ffa960,0x00000000f7000000)
  to   space 9216K, 0% used [0x00000000f6300000,0x00000000f6300000,0x00000000f6c00000)
 ParOldGen       total 349696K, used 336468K [0x00000000e0000000, 0x00000000f5580000, 0x00000000f5580000)
  object space 349696K, 96% used [0x00000000e0000000,0x00000000f4895040,0x00000000f5580000)
 Metaspace       used 50653K, committed 51392K, reserved 1097728K
  class space    used 5095K, committed 5376K, reserved 1048576K
}
Event: 18.847 GC heap before
{Heap before GC invocations=93 (full 7):
 PSYoungGen      total 17920K, used 17864K [0x00000000f5580000, 0x00000000f7a00000, 0x0000000100000000)
  eden space 13824K, 99% used [0x00000000f5580000,0x00000000f62f7a08,0x00000000f6300000)
  from space 4096K, 99% used [0x00000000f6c00000,0x00000000f6ffa960,0x00000000f7000000)
  to   space 9216K, 0% used [0x00000000f6300000,0x00000000f6300000,0x00000000f6c00000)
 ParOldGen       total 349696K, used 336468K [0x00000000e0000000, 0x00000000f5580000, 0x00000000f5580000)
  object space 349696K, 96% used [0x00000000e0000000,0x00000000f4895040,0x00000000f5580000)
 Metaspace       used 50956K, committed 51648K, reserved 1097728K
  class space    used 5110K, committed 5376K, reserved 1048576K
}
Event: 18.880 GC heap after
{Heap after GC invocations=93 (full 7):
 PSYoungGen      total 19456K, used 5122K [0x00000000f5580000, 0x00000000f7200000, 0x0000000100000000)
  eden space 13824K, 0% used [0x00000000f5580000,0x00000000f5580000,0x00000000f6300000)
  from space 5632K, 90% used [0x00000000f6300000,0x00000000f6800a38,0x00000000f6880000)
  to   space 6656K, 0% used [0x00000000f6b80000,0x00000000f6b80000,0x00000000f7200000)
 ParOldGen       total 349696K, used 340418K [0x00000000e0000000, 0x00000000f5580000, 0x00000000f5580000)
  object space 349696K, 97% used [0x00000000e0000000,0x00000000f4c708e0,0x00000000f5580000)
 Metaspace       used 50956K, committed 51648K, reserved 1097728K
  class space    used 5110K, committed 5376K, reserved 1048576K
}
Event: 19.141 GC heap before
{Heap before GC invocations=94 (full 7):
 PSYoungGen      total 19456K, used 18946K [0x00000000f5580000, 0x00000000f7200000, 0x0000000100000000)
  eden space 13824K, 100% used [0x00000000f5580000,0x00000000f6300000,0x00000000f6300000)
  from space 5632K, 90% used [0x00000000f6300000,0x00000000f6800a38,0x00000000f6880000)
  to   space 6656K, 0% used [0x00000000f6b80000,0x00000000f6b80000,0x00000000f7200000)
 ParOldGen       total 349696K, used 340418K [0x00000000e0000000, 0x00000000f5580000, 0x00000000f5580000)
  object space 349696K, 97% used [0x00000000e0000000,0x00000000f4c708e0,0x00000000f5580000)
 Metaspace       used 52067K, committed 52736K, reserved 1097728K
  class space    used 5173K, committed 5440K, reserved 1048576K
}
Event: 19.155 GC heap after
{Heap after GC invocations=94 (full 7):
 PSYoungGen      total 18944K, used 2758K [0x00000000f5580000, 0x00000000f6e80000, 0x0000000100000000)
  eden space 15872K, 0% used [0x00000000f5580000,0x00000000f5580000,0x00000000f6500000)
  from space 3072K, 89% used [0x00000000f6b80000,0x00000000f6e31858,0x00000000f6e80000)
  to   space 4096K, 0% used [0x00000000f6680000,0x00000000f6680000,0x00000000f6a80000)
 ParOldGen       total 349696K, used 345364K [0x00000000e0000000, 0x00000000f5580000, 0x00000000f5580000)
  object space 349696K, 98% used [0x00000000e0000000,0x00000000f5145220,0x00000000f5580000)
 Metaspace       used 52067K, committed 52736K, reserved 1097728K
  class space    used 5173K, committed 5440K, reserved 1048576K
}
Event: 19.155 GC heap before
{Heap before GC invocations=95 (full 8):
 PSYoungGen      total 18944K, used 2758K [0x00000000f5580000, 0x00000000f6e80000, 0x0000000100000000)
  eden space 15872K, 0% used [0x00000000f5580000,0x00000000f5580000,0x00000000f6500000)
  from space 3072K, 89% used [0x00000000f6b80000,0x00000000f6e31858,0x00000000f6e80000)
  to   space 4096K, 0% used [0x00000000f6680000,0x00000000f6680000,0x00000000f6a80000)
 ParOldGen       total 349696K, used 345364K [0x00000000e0000000, 0x00000000f5580000, 0x00000000f5580000)
  object space 349696K, 98% used [0x00000000e0000000,0x00000000f5145220,0x00000000f5580000)
 Metaspace       used 52067K, committed 52736K, reserved 1097728K
  class space    used 5173K, committed 5440K, reserved 1048576K
}
Event: 19.608 GC heap after
{Heap after GC invocations=95 (full 8):
 PSYoungGen      total 21504K, used 0K [0x00000000f5580000, 0x00000000f6f80000, 0x0000000100000000)
  eden space 17408K, 0% used [0x00000000f5580000,0x00000000f5580000,0x00000000f6680000)
  from space 4096K, 0% used [0x00000000f6680000,0x00000000f6680000,0x00000000f6a80000)
  to   space 4096K, 0% used [0x00000000f6b80000,0x00000000f6b80000,0x00000000f6f80000)
 ParOldGen       total 349696K, used 341240K [0x00000000e0000000, 0x00000000f5580000, 0x00000000f5580000)
  object space 349696K, 97% used [0x00000000e0000000,0x00000000f4d3e058,0x00000000f5580000)
 Metaspace       used 52067K, committed 52736K, reserved 1097728K
  class space    used 5173K, committed 5440K, reserved 1048576K
}
Event: 19.975 GC heap before
{Heap before GC invocations=96 (full 8):
 PSYoungGen      total 21504K, used 17283K [0x00000000f5580000, 0x00000000f6f80000, 0x0000000100000000)
  eden space 17408K, 99% used [0x00000000f5580000,0x00000000f6660ed8,0x00000000f6680000)
  from space 4096K, 0% used [0x00000000f6680000,0x00000000f6680000,0x00000000f6a80000)
  to   space 4096K, 0% used [0x00000000f6b80000,0x00000000f6b80000,0x00000000f6f80000)
 ParOldGen       total 349696K, used 341240K [0x00000000e0000000, 0x00000000f5580000, 0x00000000f5580000)
  object space 349696K, 97% used [0x00000000e0000000,0x00000000f4d3e058,0x00000000f5580000)
 Metaspace       used 52616K, committed 53248K, reserved 1097728K
  class space    used 5177K, committed 5440K, reserved 1048576K
}
Event: 19.988 GC heap after
{Heap after GC invocations=96 (full 8):
 PSYoungGen      total 17408K, used 4084K [0x00000000f5580000, 0x00000000f7a80000, 0x0000000100000000)
  eden space 13312K, 0% used [0x00000000f5580000,0x00000000f5580000,0x00000000f6280000)
  from space 4096K, 99% used [0x00000000f6b80000,0x00000000f6f7d000,0x00000000f6f80000)
  to   space 9216K, 0% used [0x00000000f6280000,0x00000000f6280000,0x00000000f6b80000)
 ParOldGen       total 349696K, used 345109K [0x00000000e0000000, 0x00000000f5580000, 0x00000000f5580000)
  object space 349696K, 98% used [0x00000000e0000000,0x00000000f5105748,0x00000000f5580000)
 Metaspace       used 52616K, committed 53248K, reserved 1097728K
  class space    used 5177K, committed 5440K, reserved 1048576K
}
Event: 20.352 GC heap before
{Heap before GC invocations=97 (full 8):
 PSYoungGen      total 17408K, used 17396K [0x00000000f5580000, 0x00000000f7a80000, 0x0000000100000000)
  eden space 13312K, 100% used [0x00000000f5580000,0x00000000f6280000,0x00000000f6280000)
  from space 4096K, 99% used [0x00000000f6b80000,0x00000000f6f7d000,0x00000000f6f80000)
  to   space 9216K, 0% used [0x00000000f6280000,0x00000000f6280000,0x00000000f6b80000)
 ParOldGen       total 349696K, used 345109K [0x00000000e0000000, 0x00000000f5580000, 0x00000000f5580000)
  object space 349696K, 98% used [0x00000000e0000000,0x00000000f5105748,0x00000000f5580000)
 Metaspace       used 52616K, committed 53248K, reserved 1097728K
  class space    used 5177K, committed 5440K, reserved 1048576K
}
Event: 20.390 GC heap after
{Heap after GC invocations=97 (full 8):
 PSYoungGen      total 17408K, used 17396K [0x00000000f5580000, 0x00000000f7a80000, 0x0000000100000000)
  eden space 13312K, 100% used [0x00000000f5580000,0x00000000f6280000,0x00000000f6280000)
  from space 4096K, 99% used [0x00000000f6b80000,0x00000000f6f7d000,0x00000000f6f80000)
  to   space 9216K, 99% used [0x00000000f6280000,0x00000000f6b7fb10,0x00000000f6b80000)
 ParOldGen       total 349696K, used 349691K [0x00000000e0000000, 0x00000000f5580000, 0x00000000f5580000)
  object space 349696K, 99% used [0x00000000e0000000,0x00000000f557efe0,0x00000000f5580000)
 Metaspace       used 52616K, committed 53248K, reserved 1097728K
  class space    used 5177K, committed 5440K, reserved 1048576K
}
Event: 20.390 GC heap before
{Heap before GC invocations=98 (full 9):
 PSYoungGen      total 17408K, used 17396K [0x00000000f5580000, 0x00000000f7a80000, 0x0000000100000000)
  eden space 13312K, 100% used [0x00000000f5580000,0x00000000f6280000,0x00000000f6280000)
  from space 4096K, 99% used [0x00000000f6b80000,0x00000000f6f7d000,0x00000000f6f80000)
  to   space 9216K, 99% used [0x00000000f6280000,0x00000000f6b7fb10,0x00000000f6b80000)
 ParOldGen       total 349696K, used 349691K [0x00000000e0000000, 0x00000000f5580000, 0x00000000f5580000)
  object space 349696K, 99% used [0x00000000e0000000,0x00000000f557efe0,0x00000000f5580000)
 Metaspace       used 52616K, committed 53248K, reserved 1097728K
  class space    used 5177K, committed 5440K, reserved 1048576K
}
Event: 21.935 GC heap after
{Heap after GC invocations=98 (full 9):
 PSYoungGen      total 22528K, used 8081K [0x00000000f5580000, 0x00000000f7600000, 0x0000000100000000)
  eden space 13312K, 0% used [0x00000000f5580000,0x00000000f5580000,0x00000000f6280000)
  from space 9216K, 87% used [0x00000000f6280000,0x00000000f6a64488,0x00000000f6b80000)
  to   space 9216K, 0% used [0x00000000f6d00000,0x00000000f6d00000,0x00000000f7600000)
 ParOldGen       total 349696K, used 349411K [0x00000000e0000000, 0x00000000f5580000, 0x00000000f5580000)
  object space 349696K, 99% used [0x00000000e0000000,0x00000000f5538fd8,0x00000000f5580000)
 Metaspace       used 52616K, committed 53248K, reserved 1097728K
  class space    used 5177K, committed 5440K, reserved 1048576K
}
Event: 22.316 GC heap before
{Heap before GC invocations=99 (full 10):
 PSYoungGen      total 22528K, used 20955K [0x00000000f5580000, 0x00000000f7600000, 0x0000000100000000)
  eden space 13312K, 96% used [0x00000000f5580000,0x00000000f62127b8,0x00000000f6280000)
  from space 9216K, 87% used [0x00000000f6280000,0x00000000f6a64488,0x00000000f6b80000)
  to   space 9216K, 0% used [0x00000000f6d00000,0x00000000f6d00000,0x00000000f7600000)
 ParOldGen       total 349696K, used 349411K [0x00000000e0000000, 0x00000000f5580000, 0x00000000f5580000)
  object space 349696K, 99% used [0x00000000e0000000,0x00000000f5538fd8,0x00000000f5580000)
 Metaspace       used 52616K, committed 53248K, reserved 1097728K
  class space    used 5177K, committed 5440K, reserved 1048576K
}
Event: 22.844 GC heap after
{Heap after GC invocations=99 (full 10):
 PSYoungGen      total 22528K, used 16940K [0x00000000f5580000, 0x00000000f7580000, 0x0000000100000000)
  eden space 13312K, 97% used [0x00000000f5580000,0x00000000f622ebc0,0x00000000f6280000)
  from space 9216K, 42% used [0x00000000f6280000,0x00000000f665c4f8,0x00000000f6b80000)
  to   space 8704K, 0% used [0x00000000f6d00000,0x00000000f6d00000,0x00000000f7580000)
 ParOldGen       total 349696K, used 349370K [0x00000000e0000000, 0x00000000f5580000, 0x00000000f5580000)
  object space 349696K, 99% used [0x00000000e0000000,0x00000000f552ebd0,0x00000000f5580000)
 Metaspace       used 52616K, committed 53248K, reserved 1097728K
  class space    used 5177K, committed 5440K, reserved 1048576K
}
Event: 22.844 GC heap before
{Heap before GC invocations=100 (full 11):
 PSYoungGen      total 22528K, used 16940K [0x00000000f5580000, 0x00000000f7580000, 0x0000000100000000)
  eden space 13312K, 97% used [0x00000000f5580000,0x00000000f622ebc0,0x00000000f6280000)
  from space 9216K, 42% used [0x00000000f6280000,0x00000000f665c4f8,0x00000000f6b80000)
  to   space 8704K, 0% used [0x00000000f6d00000,0x00000000f6d00000,0x00000000f7580000)
 ParOldGen       total 349696K, used 349370K [0x00000000e0000000, 0x00000000f5580000, 0x00000000f5580000)
  object space 349696K, 99% used [0x00000000e0000000,0x00000000f552ebd0,0x00000000f5580000)
 Metaspace       used 52616K, committed 53248K, reserved 1097728K
  class space    used 5177K, committed 5440K, reserved 1048576K
}
Event: 23.429 GC heap after
{Heap after GC invocations=100 (full 11):
 PSYoungGen      total 22528K, used 14832K [0x00000000f5580000, 0x00000000f7580000, 0x0000000100000000)
  eden space 13312K, 97% used [0x00000000f5580000,0x00000000f6239b10,0x00000000f6280000)
  from space 9216K, 19% used [0x00000000f6280000,0x00000000f6442680,0x00000000f6b80000)
  to   space 8704K, 0% used [0x00000000f6d00000,0x00000000f6d00000,0x00000000f7580000)
 ParOldGen       total 349696K, used 349520K [0x00000000e0000000, 0x00000000f5580000, 0x00000000f5580000)
  object space 349696K, 99% used [0x00000000e0000000,0x00000000f55543d8,0x00000000f5580000)
 Metaspace       used 52534K, committed 53248K, reserved 1097728K
  class space    used 5160K, committed 5440K, reserved 1048576K
}
Event: 23.443 GC heap before
{Heap before GC invocations=101 (full 12):
 PSYoungGen      total 22528K, used 15113K [0x00000000f5580000, 0x00000000f7580000, 0x0000000100000000)
  eden space 13312K, 100% used [0x00000000f5580000,0x00000000f6280000,0x00000000f6280000)
  from space 9216K, 19% used [0x00000000f6280000,0x00000000f6442680,0x00000000f6b80000)
  to   space 8704K, 0% used [0x00000000f6d00000,0x00000000f6d00000,0x00000000f7580000)
 ParOldGen       total 349696K, used 349632K [0x00000000e0000000, 0x00000000f5580000, 0x00000000f5580000)
  object space 349696K, 99% used [0x00000000e0000000,0x00000000f5570168,0x00000000f5580000)
 Metaspace       used 52544K, committed 53248K, reserved 1097728K
  class space    used 5162K, committed 5440K, reserved 1048576K
}
Event: 23.902 GC heap after
{Heap after GC invocations=101 (full 12):
 PSYoungGen      total 23040K, used 0K [0x00000000f5580000, 0x00000000f7580000, 0x0000000100000000)
  eden space 14336K, 0% used [0x00000000f5580000,0x00000000f5580000,0x00000000f6380000)
  from space 8704K, 0% used [0x00000000f6d00000,0x00000000f6d00000,0x00000000f7580000)
  to   space 9216K, 0% used [0x00000000f6380000,0x00000000f6380000,0x00000000f6c80000)
 ParOldGen       total 349696K, used 338012K [0x00000000e0000000, 0x00000000f5580000, 0x00000000f5580000)
  object space 349696K, 96% used [0x00000000e0000000,0x00000000f4a17280,0x00000000f5580000)
 Metaspace       used 52544K, committed 53248K, reserved 1097728K
  class space    used 5162K, committed 5440K, reserved 1048576K
}

Deoptimization events (20 events):
Event: 18.832 Thread 0x00007133e4350c80 DEOPT PACKING pc=0x0000713457238b0b sp=0x00007134165fd440
Event: 18.832 Thread 0x00007133e4350c80 DEOPT UNPACKING pc=0x000071344f69d325 sp=0x00007134165fc8e8 mode 3
Event: 18.886 Thread 0x00007133e4350c80 DEOPT PACKING pc=0x00007134506769d5 sp=0x00007134165fd130
Event: 18.886 Thread 0x00007133e4350c80 DEOPT UNPACKING pc=0x000071344f69d325 sp=0x00007134165fc828 mode 0
Event: 19.013 Thread 0x00007133fc5ec960 DEOPT PACKING pc=0x00007134500824c0 sp=0x0000713415dfe470
Event: 19.013 Thread 0x00007133fc5ec960 DEOPT UNPACKING pc=0x000071344f69d325 sp=0x0000713415dfd8f8 mode 0
Event: 19.633 Thread 0x00007133e4350c80 Uncommon trap: trap_request=0xffffffed fr.pc=0x00007134572f2d1e relative=0x000000000000007e
Event: 19.633 Thread 0x00007133e4350c80 Uncommon trap: reason=null_assert_or_unreached0 action=reinterpret pc=0x00007134572f2d1e method=org.eclipse.jdt.internal.compiler.classfmt.MethodInfo.getModifiers()I @ 0 jvmci
Event: 19.633 Thread 0x00007133e4350c80 DEOPT PACKING pc=0x00007134572f2d1e sp=0x00007134165fd700
Event: 19.633 Thread 0x00007133e4350c80 DEOPT UNPACKING pc=0x000071344f69d325 sp=0x00007134165fcba8 mode 3
Event: 19.639 Thread 0x00007133fc5ec960 Uncommon trap: trap_request=0xffffffed fr.pc=0x00007134572a8951 relative=0x00000000000007f1
Event: 19.639 Thread 0x00007133fc5ec960 Uncommon trap: reason=null_assert_or_unreached0 action=reinterpret pc=0x00007134572a8951 method=org.eclipse.jdt.internal.compiler.util.HashtableOfObject.putUnsafely([CLjava/lang/Object;)V @ 29 jvmci
Event: 19.639 Thread 0x00007133fc5ec960 DEOPT PACKING pc=0x00007134572a8951 sp=0x0000713415dfe430
Event: 19.639 Thread 0x00007133fc5ec960 DEOPT UNPACKING pc=0x000071344f69d325 sp=0x0000713415dfd8a0 mode 3
Event: 19.663 Thread 0x00007133fc5ec960 DEOPT PACKING pc=0x000071344fc2caad sp=0x0000713415dfe530
Event: 19.663 Thread 0x00007133fc5ec960 DEOPT UNPACKING pc=0x000071344f69d325 sp=0x0000713415dfda20 mode 0
Event: 23.906 Thread 0x00007133fc5ec960 Uncommon trap: trap_request=0xffffffcd fr.pc=0x000071345730879b relative=0x0000000000000c5b
Event: 23.906 Thread 0x00007133fc5ec960 Uncommon trap: reason=intrinsic_or_type_checked_inlining action=reinterpret pc=0x000071345730879b method=org.eclipse.jdt.internal.compiler.util.SimpleLookupTable.put(Ljava/lang/Object;Ljava/lang/Object;)Ljava/lang/Object; @ 10 jvmci
Event: 23.906 Thread 0x00007133fc5ec960 DEOPT PACKING pc=0x000071345730879b sp=0x0000713415dfe650
Event: 23.906 Thread 0x00007133fc5ec960 DEOPT UNPACKING pc=0x000071344f69d325 sp=0x0000713415dfdb38 mode 3

Classes unloaded (20 events):
Event: 23.136 Thread 0x00007134680bfad0 Unloading class 0x0000000800e98000 'jdk/internal/reflect/GeneratedConstructorAccessor7'
Event: 23.136 Thread 0x00007134680bfad0 Unloading class 0x0000000800dc8800 'java/lang/invoke/LambdaForm$MH+0x0000000800dc8800'
Event: 23.136 Thread 0x00007134680bfad0 Unloading class 0x0000000800dc8400 'java/lang/invoke/LambdaForm$MH+0x0000000800dc8400'
Event: 23.136 Thread 0x00007134680bfad0 Unloading class 0x0000000800dc8000 'java/lang/invoke/LambdaForm$MH+0x0000000800dc8000'
Event: 23.136 Thread 0x00007134680bfad0 Unloading class 0x0000000800dc4c00 'java/lang/invoke/LambdaForm$MH+0x0000000800dc4c00'
Event: 23.136 Thread 0x00007134680bfad0 Unloading class 0x0000000800dc4800 'jdk/internal/reflect/GeneratedConstructorAccessor3'
Event: 23.136 Thread 0x00007134680bfad0 Unloading class 0x0000000800cb8800 'java/lang/invoke/LambdaForm$MH+0x0000000800cb8800'
Event: 23.136 Thread 0x00007134680bfad0 Unloading class 0x0000000800cb8000 'java/lang/invoke/LambdaForm$MH+0x0000000800cb8000'
Event: 23.136 Thread 0x00007134680bfad0 Unloading class 0x0000000800cb3c00 'java/lang/invoke/LambdaForm$MH+0x0000000800cb3c00'
Event: 23.136 Thread 0x00007134680bfad0 Unloading class 0x0000000800cb3800 'java/lang/invoke/LambdaForm$MH+0x0000000800cb3800'
Event: 23.136 Thread 0x00007134680bfad0 Unloading class 0x0000000800cb3000 'java/lang/invoke/LambdaForm$MH+0x0000000800cb3000'
Event: 23.136 Thread 0x00007134680bfad0 Unloading class 0x0000000800cb2c00 'java/lang/invoke/LambdaForm$MH+0x0000000800cb2c00'
Event: 23.136 Thread 0x00007134680bfad0 Unloading class 0x0000000800cb2800 'java/lang/invoke/LambdaForm$MH+0x0000000800cb2800'
Event: 23.136 Thread 0x00007134680bfad0 Unloading class 0x0000000800cb2000 'java/lang/invoke/LambdaForm$MH+0x0000000800cb2000'
Event: 23.136 Thread 0x00007134680bfad0 Unloading class 0x0000000800c89000 'jdk/internal/reflect/GeneratedMethodAccessor5'
Event: 23.136 Thread 0x00007134680bfad0 Unloading class 0x0000000800c88c00 'jdk/internal/reflect/GeneratedMethodAccessor4'
Event: 23.136 Thread 0x00007134680bfad0 Unloading class 0x0000000800c88800 'jdk/internal/reflect/GeneratedMethodAccessor3'
Event: 23.136 Thread 0x00007134680bfad0 Unloading class 0x0000000800c88400 'jdk/internal/reflect/GeneratedMethodAccessor2'
Event: 23.136 Thread 0x00007134680bfad0 Unloading class 0x0000000800c88000 'jdk/internal/reflect/GeneratedMethodAccessor1'
Event: 23.136 Thread 0x00007134680bfad0 Unloading class 0x0000000800c01400 'java/lang/invoke/LambdaForm$DMH+0x0000000800c01400'

Classes redefined (0 events):
No events

Internal exceptions (20 events):
Event: 16.991 Thread 0x00007133fc469660 Exception <a 'sun/nio/fs/UnixException'{0x00000000f5bb0168}> (0x00000000f5bb0168) 
thrown [src/hotspot/share/prims/jni.cpp, line 516]
Event: 16.992 Thread 0x00007133fc469660 Exception <a 'sun/nio/fs/UnixException'{0x00000000f5c30258}> (0x00000000f5c30258) 
thrown [src/hotspot/share/prims/jni.cpp, line 516]
Event: 16.992 Thread 0x00007133fc469660 Exception <a 'sun/nio/fs/UnixException'{0x00000000f5c34268}> (0x00000000f5c34268) 
thrown [src/hotspot/share/prims/jni.cpp, line 516]
Event: 16.993 Thread 0x00007133fc469660 Exception <a 'sun/nio/fs/UnixException'{0x00000000f5c39a18}> (0x00000000f5c39a18) 
thrown [src/hotspot/share/prims/jni.cpp, line 516]
Event: 16.993 Thread 0x00007133fc469660 Exception <a 'sun/nio/fs/UnixException'{0x00000000f5c3ca80}> (0x00000000f5c3ca80) 
thrown [src/hotspot/share/prims/jni.cpp, line 516]
Event: 17.083 Thread 0x00007133fc469660 Exception <a 'java/lang/NoSuchMethodError'{0x00000000f6a95b68}: 'int java.lang.invoke.DirectMethodHandle$Holder.invokeVirtual(java.lang.Object, java.lang.Object)'> (0x00000000f6a95b68) 
thrown [src/hotspot/share/interpreter/linkResolver.cpp, line 765]
Event: 17.095 Thread 0x00007133fc469660 Exception <a 'java/lang/NoSuchMethodError'{0x00000000f6d602c8}: 'int java.lang.invoke.DirectMethodHandle$Holder.invokeVirtual(java.lang.Object, java.lang.Object, java.lang.Object)'> (0x00000000f6d602c8) 
thrown [src/hotspot/share/interpreter/linkResolver.cpp, line 765]
Event: 17.401 Thread 0x00007133fc469660 Exception <a 'sun/nio/fs/UnixException'{0x00000000f645c178}> (0x00000000f645c178) 
thrown [src/hotspot/share/prims/jni.cpp, line 516]
Event: 17.403 Thread 0x00007133fc469660 Exception <a 'sun/nio/fs/UnixException'{0x00000000f6536ea0}> (0x00000000f6536ea0) 
thrown [src/hotspot/share/prims/jni.cpp, line 516]
Event: 17.640 Thread 0x00007133fc469660 Exception <a 'sun/nio/fs/UnixException'{0x00000000f5a26b58}> (0x00000000f5a26b58) 
thrown [src/hotspot/share/prims/jni.cpp, line 516]
Event: 17.641 Thread 0x00007133fc469660 Exception <a 'sun/nio/fs/UnixException'{0x00000000f5a2a2e0}> (0x00000000f5a2a2e0) 
thrown [src/hotspot/share/prims/jni.cpp, line 516]
Event: 17.842 Thread 0x00007133e00ea270 Exception <a 'java/lang/NoSuchMethodError'{0x00000000f597a548}: 'java.lang.Object java.lang.invoke.DirectMethodHandle$Holder.invokeStatic(java.lang.Object, java.lang.Object, java.lang.Object, long)'> (0x00000000f597a548) 
thrown [src/hotspot/share/interpreter/linkResolver.cpp, line 765]
Event: 17.844 Thread 0x00007133e00ea270 Exception <a 'java/lang/NoSuchMethodError'{0x00000000f59e3fe0}: 'java.lang.Object java.lang.invoke.DirectMethodHandle$Holder.newInvokeSpecial(java.lang.Object, java.lang.Object, java.lang.Object, long)'> (0x00000000f59e3fe0) 
thrown [src/hotspot/share/interpreter/linkResolver.cpp, line 765]
Event: 17.844 Thread 0x00007133e00ea270 Exception <a 'java/lang/NoSuchMethodError'{0x00000000f5a09ab0}: 'java.lang.Object java.lang.invoke.DirectMethodHandle$Holder.invokeSpecial(java.lang.Object, java.lang.Object, java.lang.Object, java.lang.Object, long)'> (0x00000000f5a09ab0) 
thrown [src/hotspot/share/interpreter/linkResolver.cpp, line 765]
Event: 17.845 Thread 0x00007133e00ea270 Exception <a 'java/lang/NoSuchMethodError'{0x00000000f5a0daf0}: 'java.lang.Object java.lang.invoke.Invokers$Holder.linkToTargetMethod(java.lang.Object, java.lang.Object, long, java.lang.Object)'> (0x00000000f5a0daf0) 
thrown [src/hotspot/share/interpreter/linkResolver.cpp, line 765]
Event: 18.656 Thread 0x00007133e4350c80 Implicit null exception at 0x00007134571a8223 to 0x00007134571a85be
Event: 18.669 Thread 0x00007133e4350c80 Exception <a 'java/lang/NoSuchMethodError'{0x00000000f5c30f20}: 'int java.lang.invoke.DirectMethodHandle$Holder.invokeSpecial(java.lang.Object, java.lang.Object, java.lang.Object)'> (0x00000000f5c30f20) 
thrown [src/hotspot/share/interpreter/linkResolver.cpp, line 765]
Event: 18.747 Thread 0x00007133e4350c80 Exception <a 'java/lang/NoSuchMethodError'{0x00000000f5c8ff50}: 'int java.lang.invoke.DirectMethodHandle$Holder.invokeStatic(java.lang.Object, java.lang.Object, java.lang.Object, int)'> (0x00000000f5c8ff50) 
thrown [src/hotspot/share/interpreter/linkResolver.cpp, line 765]
Event: 18.812 Thread 0x00007133e4350c80 Implicit null exception at 0x000071345713b057 to 0x000071345713b1a3
Event: 23.429 Thread 0x00007133fc5ec960 Exception <a 'java/lang/OutOfMemoryError'{0x00000000e004c9f8}> (0x00000000e004c9f8) 
thrown [src/hotspot/share/gc/shared/memAllocator.cpp, line 136]

VM Operations (20 events):
Event: 18.846 Executing VM operation: ParallelGCFailedAllocation
Event: 18.880 Executing VM operation: ParallelGCFailedAllocation done
Event: 19.140 Executing VM operation: ParallelGCFailedAllocation
Event: 19.608 Executing VM operation: ParallelGCFailedAllocation done
Event: 19.624 Executing VM operation: HandshakeAllThreads
Event: 19.624 Executing VM operation: HandshakeAllThreads done
Event: 19.974 Executing VM operation: ParallelGCFailedAllocation
Event: 19.988 Executing VM operation: ParallelGCFailedAllocation done
Event: 20.351 Executing VM operation: ParallelGCFailedAllocation
Event: 21.936 Executing VM operation: ParallelGCFailedAllocation done
Event: 22.316 Executing VM operation: ParallelGCFailedAllocation
Event: 23.429 Executing VM operation: ParallelGCFailedAllocation done
Event: 23.442 Executing VM operation: ParallelGCFailedAllocation
Event: 23.902 Executing VM operation: ParallelGCFailedAllocation done
Event: 303.959 Executing VM operation: Cleanup
Event: 303.960 Executing VM operation: Cleanup done
Event: 312.961 Executing VM operation: Cleanup
Event: 312.961 Executing VM operation: Cleanup done
Event: 663.041 Executing VM operation: Cleanup
Event: 663.041 Executing VM operation: Cleanup done

Events (20 events):
Event: 23.438 loading class java/lang/Throwable$WrappedPrintWriter
Event: 23.438 loading class java/lang/Throwable$PrintStreamOrWriter
Event: 23.438 loading class java/lang/Throwable$PrintStreamOrWriter done
Event: 23.438 loading class java/lang/Throwable$WrappedPrintWriter done
Event: 23.907 Thread 0x00007133d801d1f0 Thread added: 0x00007133d801d1f0
Event: 23.907 loading class java/lang/Throwable$WrappedPrintStream
Event: 23.907 loading class java/lang/Throwable$WrappedPrintStream done
Event: 23.908 Thread 0x00007133fc5ec960 Thread exited: 0x00007133fc5ec960
Event: 23.908 Protecting memory [0x0000713415100000,0x0000713415104000] with protection modes 0
Event: 61.283 Thread 0x000071346822b5a0 Thread exited: 0x000071346822b5a0
Event: 79.838 Thread 0x00007133fc469660 Thread exited: 0x00007133fc469660
Event: 83.907 Thread 0x00007133e00ea270 Thread exited: 0x00007133e00ea270
Event: 83.909 Thread 0x00007133e4350c80 Thread exited: 0x00007133e4350c80
Event: 139.838 Thread 0x00007133e0000e40 Thread exited: 0x00007133e0000e40
Event: 312.246 Thread 0x00007133c80a8c40 Thread added: 0x00007133c80a8c40
Event: 312.246 Protecting memory [0x0000713415f00000,0x0000713415f04000] with protection modes 0
Event: 312.248 Thread 0x00007133c80a8c40 Thread exited: 0x00007133c80a8c40
Event: 312.368 Thread 0x00007133c4027db0 Thread added: 0x00007133c4027db0
Event: 312.368 Protecting memory [0x0000713415f00000,0x0000713415f04000] with protection modes 0
Event: 432.369 Thread 0x00007133c4027db0 Thread exited: 0x00007133c4027db0


Dynamic libraries:
e0000000-f0180000 rw-p 00000000 00:00 0 
f0180000-f7580000 rw-p 00000000 00:00 0 
f7580000-100000000 ---p 00000000 00:00 0 
800000000-800448000 rw-p 00001000 08:10 314481438                        /nix/store/nfyj24p265scn3zp0pk0fm4rr5g7s2pf-graalvm17-ce-22.1.0/lib/server/classes.jsa
800448000-800bc6000 r--p 00449000 08:10 314481438                        /nix/store/nfyj24p265scn3zp0pk0fm4rr5g7s2pf-graalvm17-ce-22.1.0/lib/server/classes.jsa
800bc6000-800c00000 ---p 00000000 00:00 0 
800c00000-800c10000 rw-p 00000000 00:00 0 
800c10000-800c30000 rw-p 00000000 00:00 0 
800c30000-800cb0000 rw-p 00000000 00:00 0 
800cb0000-800d30000 rw-p 00000000 00:00 0 
800d30000-800d70000 rw-p 00000000 00:00 0 
800d70000-800eb0000 rw-p 00000000 00:00 0 
800eb0000-800f30000 rw-p 00000000 00:00 0 
800f30000-801070000 rw-p 00000000 00:00 0 
801070000-801080000 ---p 00000000 00:00 0 
801080000-801160000 rw-p 00000000 00:00 0 
801160000-840c00000 ---p 00000000 00:00 0 
61e9cb452000-61e9cb453000 r-xp 00000000 08:10 306546781                  /nix/store/nfyj24p265scn3zp0pk0fm4rr5g7s2pf-graalvm17-ce-22.1.0/bin/.java-wrapped
61e9cb454000-61e9cb455000 r--p 00001000 08:10 306546781                  /nix/store/nfyj24p265scn3zp0pk0fm4rr5g7s2pf-graalvm17-ce-22.1.0/bin/.java-wrapped
61e9cb455000-61e9cb456000 rw-p 00002000 08:10 306546781                  /nix/store/nfyj24p265scn3zp0pk0fm4rr5g7s2pf-graalvm17-ce-22.1.0/bin/.java-wrapped
61e9cb456000-61e9cb457000 rw-p 00004000 08:10 306546781                  /nix/store/nfyj24p265scn3zp0pk0fm4rr5g7s2pf-graalvm17-ce-22.1.0/bin/.java-wrapped
61e9cb457000-61e9cb458000 rw-p 00005000 08:10 306546781                  /nix/store/nfyj24p265scn3zp0pk0fm4rr5g7s2pf-graalvm17-ce-22.1.0/bin/.java-wrapped
61e9cbe53000-61e9cbe74000 rw-p 00000000 00:00 0                          [heap]
7133ac000000-7133ac021000 rw-p 00000000 00:00 0 
7133ac021000-7133b0000000 ---p 00000000 00:00 0 
7133b264b000-7133bc000000 r--s 00000000 08:10 314470362                  /nix/store/nfyj24p265scn3zp0pk0fm4rr5g7s2pf-graalvm17-ce-22.1.0/lib/modules
7133bc000000-7133bc058000 rw-p 00000000 00:00 0 
7133bc058000-7133c0000000 ---p 00000000 00:00 0 
7133c0000000-7133c0022000 rw-p 00000000 00:00 0 
7133c0022000-7133c4000000 ---p 00000000 00:00 0 
7133c4000000-7133c402f000 rw-p 00000000 00:00 0 
7133c402f000-7133c8000000 ---p 00000000 00:00 0 
7133c8000000-7133c80e2000 rw-p 00000000 00:00 0 
7133c80e2000-7133cc000000 ---p 00000000 00:00 0 
7133cc000000-7133cc021000 rw-p 00000000 00:00 0 
7133cc021000-7133d0000000 ---p 00000000 00:00 0 
7133d0000000-7133d01e4000 rw-p 00000000 00:00 0 
7133d01e4000-7133d4000000 ---p 00000000 00:00 0 
7133d4000000-7133d4021000 rw-p 00000000 00:00 0 
7133d4021000-7133d8000000 ---p 00000000 00:00 0 
7133d8000000-7133d802e000 rw-p 00000000 00:00 0 
7133d802e000-7133dc000000 ---p 00000000 00:00 0 
7133de800000-7133de8f0000 rw-p 00000000 00:00 0 
7133de8f0000-7133de950000 rw-p 00000000 00:00 0 
7133de950000-7133dea00000 ---p 00000000 00:00 0 
7133dea00000-7133def70000 rw-p 00000000 00:00 0 
7133def70000-7133df000000 ---p 00000000 00:00 0 
7133df000000-7133df0d0000 rw-p 00000000 00:00 0 
7133df0d0000-7133df0f0000 rw-p 00000000 00:00 0 
7133df0f0000-7133df2f0000 rw-p 00000000 00:00 0 
7133df2f0000-7133df3f0000 rw-p 00000000 00:00 0 
7133df3f0000-7133df570000 rw-p 00000000 00:00 0 
7133df570000-7133df5f0000 rw-p 00000000 00:00 0 
7133df5f0000-7133df7f0000 rw-p 00000000 00:00 0 
7133df7f0000-7133df8f0000 rw-p 00000000 00:00 0 
7133df8f0000-7133df9f0000 rw-p 00000000 00:00 0 
7133df9f0000-7133dfdb0000 rw-p 00000000 00:00 0 
7133dfdb0000-7133dfe70000 rw-p 00000000 00:00 0 
7133dfe70000-7133dfef0000 rw-p 00000000 00:00 0 
7133dfef0000-7133e0000000 rw-p 00000000 00:00 0 
7133e0000000-7133e0132000 rw-p 00000000 00:00 0 
7133e0132000-7133e4000000 ---p 00000000 00:00 0 
7133e4000000-7133e4381000 rw-p 00000000 00:00 0 
7133e4381000-7133e8000000 ---p 00000000 00:00 0 
7133e8000000-7133e8069000 rw-p 00000000 00:00 0 
7133e8069000-7133ec000000 ---p 00000000 00:00 0 
7133ec000000-7133ec021000 rw-p 00000000 00:00 0 
7133ec021000-7133f0000000 ---p 00000000 00:00 0 
7133f0000000-7133f0025000 rw-p 00000000 00:00 0 
7133f0025000-7133f4000000 ---p 00000000 00:00 0 
7133f4000000-7133f4021000 rw-p 00000000 00:00 0 
7133f4021000-7133f8000000 ---p 00000000 00:00 0 
7133f8000000-7133f8021000 rw-p 00000000 00:00 0 
7133f8021000-7133fc000000 ---p 00000000 00:00 0 
7133fc000000-7133fc87b000 rw-p 00000000 00:00 0 
7133fc87b000-713400000000 ---p 00000000 00:00 0 
713400000000-713400021000 rw-p 00000000 00:00 0 
713400021000-713404000000 ---p 00000000 00:00 0 
713404200000-713404300000 rw-p 00000000 00:00 0 
713404800000-713404900000 rw-p 00000000 00:00 0 
713404c00000-713404d00000 rw-p 00000000 00:00 0 
713405200000-713405300000 rw-p 00000000 00:00 0 
713405800000-713405900000 rw-p 00000000 00:00 0 
713405c00000-713405f70000 rw-p 00000000 00:00 0 
713405f70000-713405ff0000 rw-p 00000000 00:00 0 
713405ff0000-7134063f0000 rw-p 00000000 00:00 0 
7134063f0000-7134064f0000 rw-p 00000000 00:00 0 
7134064f0000-7134065f0000 rw-p 00000000 00:00 0 
7134065f0000-7134068f0000 rw-p 00000000 00:00 0 
7134068f0000-7134069f0000 rw-p 00000000 00:00 0 
7134069f0000-713406bf0000 rw-p 00000000 00:00 0 
713406bf0000-713406d00000 rw-p 00000000 00:00 0 
713406e00000-713406e10000 r-xp 00000000 00:be0 285                       /home/runner/FractionCalc-TahaLodhi1-og/.cache/jdt-language-server/config/org.eclipse.equinox.launcher/org.eclipse.equinox.launcher.gtk.linux.x86_64_1.2.400.v20211117-0650/eclipse_11600.so
713406e10000-71340700f000 ---p 00010000 00:be0 285                       /home/runner/FractionCalc-TahaLodhi1-og/.cache/jdt-language-server/config/org.eclipse.equinox.launcher/org.eclipse.equinox.launcher.gtk.linux.x86_64_1.2.400.v20211117-0650/eclipse_11600.so
71340700f000-713407010000 r--p 0000f000 00:be0 285                       /home/runner/FractionCalc-TahaLodhi1-og/.cache/jdt-language-server/config/org.eclipse.equinox.launcher/org.eclipse.equinox.launcher.gtk.linux.x86_64_1.2.400.v20211117-0650/eclipse_11600.so
713407010000-713407011000 rw-p 00010000 00:be0 285                       /home/runner/FractionCalc-TahaLodhi1-og/.cache/jdt-language-server/config/org.eclipse.equinox.launcher/org.eclipse.equinox.launcher.gtk.linux.x86_64_1.2.400.v20211117-0650/eclipse_11600.so
7134070fe000-7134070ff000 ---p 00000000 00:00 0 
7134070ff000-713407300000 rw-p 00000000 00:00 0 
713407600000-713407700000 rw-p 00000000 00:00 0 
713407c00000-713407d00000 rw-p 00000000 00:00 0 
713407e00000-713407f00000 rw-p 00000000 00:00 0 
713408000000-713408021000 rw-p 00000000 00:00 0 
713408021000-71340c000000 ---p 00000000 00:00 0 
71340c000000-71340c100000 rw-p 00000000 00:00 0 
71340c200000-71340c300000 rw-p 00000000 00:00 0 
71340c400000-71340c500000 rw-p 00000000 00:00 0 
71340c800000-71340c900000 rw-p 00000000 00:00 0 
71340ce00000-71340cf00000 rw-p 00000000 00:00 0 
71340d000000-71340d100000 rw-p 00000000 00:00 0 
71340d600000-71340d700000 rw-p 00000000 00:00 0 
71340dc00000-71340dd00000 rw-p 00000000 00:00 0 
71340e000000-71340e100000 rw-p 00000000 00:00 0 
71340e400000-71340e500000 rw-p 00000000 00:00 0 
71340e600000-71340e700000 rw-p 00000000 00:00 0 
71340e800000-71340e900000 rw-p 00000000 00:00 0 
71340ea00000-71340eb00000 rw-p 00000000 00:00 0 
71340ec00000-71340ed00000 rw-p 00000000 00:00 0 
71340ee00000-71340ef00000 rw-p 00000000 00:00 0 
71340f000000-71340f100000 rw-p 00000000 00:00 0 
71340f200000-71340f300000 rw-p 00000000 00:00 0 
71340f800000-71340f900000 rw-p 00000000 00:00 0 
71340fa00000-71340fb00000 rw-p 00000000 00:00 0 
71340fc00000-71340fd00000 rw-p 00000000 00:00 0 
71340fe00000-71340ff00000 rw-p 00000000 00:00 0 
713410000000-713410044000 rw-p 00000000 00:00 0 
713410044000-713414000000 ---p 00000000 00:00 0 
713414000000-713414100000 rw-p 00000000 00:00 0 
713414200000-713414300000 rw-p 00000000 00:00 0 
713414400000-713414500000 rw-p 00000000 00:00 0 
713414600000-713414700000 rw-p 00000000 00:00 0 
713414799000-713414b00000 rw-p 00000000 00:00 0 
713414d00000-713414e00000 rw-p 00000000 00:00 0 
713414f00000-713414f04000 ---p 00000000 00:00 0 
713414f04000-713415000000 rw-p 00000000 00:00 0 
713415100000-713415104000 ---p 00000000 00:00 0 
713415104000-713415300000 rw-p 00000000 00:00 0 
713415300000-713415304000 ---p 00000000 00:00 0 
713415304000-713415500000 rw-p 00000000 00:00 0 
713415500000-713415504000 ---p 00000000 00:00 0 
713415504000-713415700000 rw-p 00000000 00:00 0 
713415700000-713415704000 ---p 00000000 00:00 0 
713415704000-713415800000 rw-p 00000000 00:00 0 
713415800000-713415804000 ---p 00000000 00:00 0 
713415804000-713415900000 rw-p 00000000 00:00 0 
713415900000-713415904000 ---p 00000000 00:00 0 
713415904000-713415a00000 rw-p 00000000 00:00 0 
713415b00000-713415b04000 ---p 00000000 00:00 0 
713415b04000-713415d00000 rw-p 00000000 00:00 0 
713415d00000-713415d04000 ---p 00000000 00:00 0 
713415d04000-713415f00000 rw-p 00000000 00:00 0 
713415f00000-713415f04000 ---p 00000000 00:00 0 
713415f04000-713416000000 rw-p 00000000 00:00 0 
713416100000-713416104000 ---p 00000000 00:00 0 
713416104000-713416200000 rw-p 00000000 00:00 0 
713416300000-713416304000 ---p 00000000 00:00 0 
713416304000-713416400000 rw-p 00000000 00:00 0 
713416500000-713416504000 ---p 00000000 00:00 0 
713416504000-713416600000 rw-p 00000000 00:00 0 
713416700000-713416704000 ---p 00000000 00:00 0 
713416704000-713416900000 rw-p 00000000 00:00 0 
713416900000-713416904000 ---p 00000000 00:00 0 
713416904000-713416b00000 rw-p 00000000 00:00 0 
713416b00000-713416b04000 ---p 00000000 00:00 0 
713416b04000-713416c00000 rw-p 00000000 00:00 0 
713416d00000-713416d04000 ---p 00000000 00:00 0 
713416d04000-713416e00000 rw-p 00000000 00:00 0 
713416e00000-713416f00000 ---p 00000000 00:00 0 
713416f00000-7134174b8000 r--p 012b2000 08:10 314462843                  /nix/store/nfyj24p265scn3zp0pk0fm4rr5g7s2pf-graalvm17-ce-22.1.0/lib/libjvmcicompiler.so
7134174b8000-713417600000 r--p 00000000 00:00 0 
713417600000-71341763f000 rw-p 00000000 00:00 0 
71341763f000-713417b5e000 rw-p 019f1000 08:10 314462843                  /nix/store/nfyj24p265scn3zp0pk0fm4rr5g7s2pf-graalvm17-ce-22.1.0/lib/libjvmcicompiler.so
713417b5e000-713417fa0000 r--p 01f10000 08:10 314462843                  /nix/store/nfyj24p265scn3zp0pk0fm4rr5g7s2pf-graalvm17-ce-22.1.0/lib/libjvmcicompiler.so
713418000000-713418021000 rw-p 00000000 00:00 0 
713418021000-71341c000000 ---p 00000000 00:00 0 
71341c000000-71341c03b000 rw-p 00000000 00:00 0 
71341c03b000-713420000000 ---p 00000000 00:00 0 
713420000000-713420021000 rw-p 00000000 00:00 0 
713420021000-713424000000 ---p 00000000 00:00 0 
713424000000-713424021000 rw-p 00000000 00:00 0 
713424021000-713428000000 ---p 00000000 00:00 0 
713428000000-7134280ad000 rw-p 00000000 00:00 0 
7134280ad000-71342c000000 ---p 00000000 00:00 0 
71342c000000-71342c7fa000 rw-p 00000000 00:00 0 
71342c7fa000-713430000000 ---p 00000000 00:00 0 
713430000000-713430021000 rw-p 00000000 00:00 0 
713430021000-713434000000 ---p 00000000 00:00 0 
713434000000-713434021000 rw-p 00000000 00:00 0 
713434021000-713438000000 ---p 00000000 00:00 0 
713438000000-713438021000 rw-p 00000000 00:00 0 
713438021000-71343c000000 ---p 00000000 00:00 0 
71343c000000-71343c021000 rw-p 00000000 00:00 0 
71343c021000-713440000000 ---p 00000000 00:00 0 
713440000000-713440021000 rw-p 00000000 00:00 0 
713440021000-713444000000 ---p 00000000 00:00 0 
713444000000-713444021000 rw-p 00000000 00:00 0 
713444021000-713448000000 ---p 00000000 00:00 0 
713448000000-713448021000 rw-p 00000000 00:00 0 
713448021000-71344c000000 ---p 00000000 00:00 0 
71344c000000-71344c100000 rw-p 00000000 00:00 0 
71344c100000-71344c104000 ---p 00000000 00:00 0 
71344c104000-71344c300000 rw-p 00000000 00:00 0 
71344c3ff000-71344c400000 ---p 00000000 00:00 0 
71344c400000-71344c401000 rw-p 00000000 00:00 0 
71344c401000-71344c405000 ---p 00000000 00:00 0 
71344c405000-71344cc00000 rw-p 00000000 00:00 0 
71344cca4000-71344cdeb000 rw-p 00000000 00:00 0 
71344cdeb000-71344f141000 r-xp 00000000 08:10 314462843                  /nix/store/nfyj24p265scn3zp0pk0fm4rr5g7s2pf-graalvm17-ce-22.1.0/lib/libjvmcicompiler.so
71344f141000-71344f340000 ---p 02356000 08:10 314462843                  /nix/store/nfyj24p265scn3zp0pk0fm4rr5g7s2pf-graalvm17-ce-22.1.0/lib/libjvmcicompiler.so
71344f340000-71344f341000 r--p 02355000 08:10 314462843                  /nix/store/nfyj24p265scn3zp0pk0fm4rr5g7s2pf-graalvm17-ce-22.1.0/lib/libjvmcicompiler.so
71344f341000-71344f343000 rw-p 02356000 08:10 314462843                  /nix/store/nfyj24p265scn3zp0pk0fm4rr5g7s2pf-graalvm17-ce-22.1.0/lib/libjvmcicompiler.so
71344f343000-71344f344000 rw-p 00000000 00:00 0 
71344f344000-71344f349000 rw-p 02601000 08:10 314462843                  /nix/store/nfyj24p265scn3zp0pk0fm4rr5g7s2pf-graalvm17-ce-22.1.0/lib/libjvmcicompiler.so
71344f349000-71344f34a000 ---p 00000000 00:00 0 
71344f34a000-71344f44b000 rw-p 00000000 00:00 0 
71344f44b000-71344f44f000 ---p 00000000 00:00 0 
71344f44f000-71344f54b000 rw-p 00000000 00:00 0 
71344f54b000-71344f54f000 ---p 00000000 00:00 0 
71344f54f000-71344f64b000 rw-p 00000000 00:00 0 
71344f64b000-71344f8bb000 rwxp 00000000 00:00 0 
71344f8bb000-71344fbda000 ---p 00000000 00:00 0 
71344fbda000-71345088a000 rwxp 00000000 00:00 0 
71345088a000-713457112000 ---p 00000000 00:00 0 
713457112000-713457382000 rwxp 00000000 00:00 0 
713457382000-71345e64b000 ---p 00000000 00:00 0 
71345e64b000-713468000000 r--s 00000000 08:10 314470362                  /nix/store/nfyj24p265scn3zp0pk0fm4rr5g7s2pf-graalvm17-ce-22.1.0/lib/modules
713468000000-713468443000 rw-p 00000000 00:00 0 
713468443000-71346c000000 ---p 00000000 00:00 0 
71346c01a000-71346c01e000 ---p 00000000 00:00 0 
71346c01e000-71346c11a000 rw-p 00000000 00:00 0 
71346c11a000-71346c11e000 ---p 00000000 00:00 0 
71346c11e000-71346c31a000 rw-p 00000000 00:00 0 
71346c31a000-71346c31e000 ---p 00000000 00:00 0 
71346c31e000-71346c51a000 rw-p 00000000 00:00 0 
71346c51a000-71346c51e000 ---p 00000000 00:00 0 
71346c51e000-71346c61a000 rw-p 00000000 00:00 0 
71346c61a000-71346c61e000 ---p 00000000 00:00 0 
71346c61e000-71346c71a000 rw-p 00000000 00:00 0 
71346c71a000-71346c71e000 ---p 00000000 00:00 0 
71346c71e000-71346c81a000 rw-p 00000000 00:00 0 
71346c81a000-71346cb00000 r--p 00000000 08:01 1552242                    /usr/lib/locale/locale-archive
71346cb00000-71346cb04000 ---p 00000000 00:00 0 
71346cb04000-71346cff0000 rw-p 00000000 00:00 0 
71346cff0000-71346d170000 rw-p 00000000 00:00 0 
71346d170000-71346d1f0000 rw-p 00000000 00:00 0 
71346d1f0000-71346d2f0000 rw-p 00000000 00:00 0 
71346d2f0000-71346d400000 rw-p 00000000 00:00 0 
71346d423000-71346d445000 rw-p 00000000 00:00 0 
71346d445000-71346d447000 r-xp 00000000 08:10 314462025                  /nix/store/nfyj24p265scn3zp0pk0fm4rr5g7s2pf-graalvm17-ce-22.1.0/lib/libextnet.so
71346d447000-71346d448000 r--p 00001000 08:10 314462025                  /nix/store/nfyj24p265scn3zp0pk0fm4rr5g7s2pf-graalvm17-ce-22.1.0/lib/libextnet.so
71346d448000-71346d449000 rw-p 00002000 08:10 314462025                  /nix/store/nfyj24p265scn3zp0pk0fm4rr5g7s2pf-graalvm17-ce-22.1.0/lib/libextnet.so
71346d449000-71346d44a000 rw-p 00004000 08:10 314462025                  /nix/store/nfyj24p265scn3zp0pk0fm4rr5g7s2pf-graalvm17-ce-22.1.0/lib/libextnet.so
71346d44a000-71346d44e000 ---p 00000000 00:00 0 
71346d44e000-71346d46c000 rw-p 00000000 00:00 0 
71346d46c000-71346d473000 r-xp 00000000 08:10 314470357                  /nix/store/nfyj24p265scn3zp0pk0fm4rr5g7s2pf-graalvm17-ce-22.1.0/lib/libzip.so
71346d473000-71346d474000 ---p 00007000 08:10 314470357                  /nix/store/nfyj24p265scn3zp0pk0fm4rr5g7s2pf-graalvm17-ce-22.1.0/lib/libzip.so
71346d474000-71346d475000 r--p 00007000 08:10 314470357                  /nix/store/nfyj24p265scn3zp0pk0fm4rr5g7s2pf-graalvm17-ce-22.1.0/lib/libzip.so
71346d475000-71346d476000 rw-p 00008000 08:10 314470357                  /nix/store/nfyj24p265scn3zp0pk0fm4rr5g7s2pf-graalvm17-ce-22.1.0/lib/libzip.so
71346d476000-71346d478000 rw-p 0000b000 08:10 314470357                  /nix/store/nfyj24p265scn3zp0pk0fm4rr5g7s2pf-graalvm17-ce-22.1.0/lib/libzip.so
71346d478000-71346d48d000 r-xp 00000000 08:10 314470221                  /nix/store/nfyj24p265scn3zp0pk0fm4rr5g7s2pf-graalvm17-ce-22.1.0/lib/libnet.so
71346d48d000-71346d48e000 ---p 00015000 08:10 314470221                  /nix/store/nfyj24p265scn3zp0pk0fm4rr5g7s2pf-graalvm17-ce-22.1.0/lib/libnet.so
71346d48e000-71346d48f000 r--p 00015000 08:10 314470221                  /nix/store/nfyj24p265scn3zp0pk0fm4rr5g7s2pf-graalvm17-ce-22.1.0/lib/libnet.so
71346d48f000-71346d490000 rw-p 00016000 08:10 314470221                  /nix/store/nfyj24p265scn3zp0pk0fm4rr5g7s2pf-graalvm17-ce-22.1.0/lib/libnet.so
71346d490000-71346d493000 rw-p 0001b000 08:10 314470221                  /nix/store/nfyj24p265scn3zp0pk0fm4rr5g7s2pf-graalvm17-ce-22.1.0/lib/libnet.so
71346d493000-71346d4a6000 r-xp 00000000 08:10 314470238                  /nix/store/nfyj24p265scn3zp0pk0fm4rr5g7s2pf-graalvm17-ce-22.1.0/lib/libnio.so
71346d4a6000-71346d4a7000 r--p 00012000 08:10 314470238                  /nix/store/nfyj24p265scn3zp0pk0fm4rr5g7s2pf-graalvm17-ce-22.1.0/lib/libnio.so
71346d4a7000-71346d4a8000 rw-p 00013000 08:10 314470238                  /nix/store/nfyj24p265scn3zp0pk0fm4rr5g7s2pf-graalvm17-ce-22.1.0/lib/libnio.so
71346d4a8000-71346d4ad000 rw-p 00019000 08:10 314470238                  /nix/store/nfyj24p265scn3zp0pk0fm4rr5g7s2pf-graalvm17-ce-22.1.0/lib/libnio.so
71346d4ad000-71346d4b1000 ---p 00000000 00:00 0 
71346d4b1000-71346d5ad000 rw-p 00000000 00:00 0 
71346d5ad000-71346d5ae000 ---p 00000000 00:00 0 
71346d5ae000-71346d6af000 rw-p 00000000 00:00 0 
71346d6af000-71346d77d000 r-xp 00000000 08:10 314462487                  /nix/store/nfyj24p265scn3zp0pk0fm4rr5g7s2pf-graalvm17-ce-22.1.0/lib/libjsvml.so
71346d77d000-71346d77e000 r--p 000cd000 08:10 314462487                  /nix/store/nfyj24p265scn3zp0pk0fm4rr5g7s2pf-graalvm17-ce-22.1.0/lib/libjsvml.so
71346d77e000-71346d77f000 rw-p 000ce000 08:10 314462487                  /nix/store/nfyj24p265scn3zp0pk0fm4rr5g7s2pf-graalvm17-ce-22.1.0/lib/libjsvml.so
71346d77f000-71346f35a000 rw-p 00000000 00:00 0 
71346f35a000-71346f35b000 ---p 00000000 00:00 0 
71346f35b000-71346f4dd000 rw-p 00000000 00:00 0 
71346f4dd000-71346f517000 rw-p 00000000 00:00 0 
71346f517000-71346f55c000 ---p 00000000 00:00 0 
71346f55c000-71346f562000 rw-p 00000000 00:00 0 
71346f562000-71346f648000 ---p 00000000 00:00 0 
71346f648000-71346f662000 rw-p 00000000 00:00 0 
71346f662000-71346f733000 ---p 00000000 00:00 0 
71346f733000-71346f738000 rw-p 00000000 00:00 0 
71346f738000-71346f73f000 ---p 00000000 00:00 0 
71346f73f000-71346f763000 r-xp 00000000 08:10 314462387                  /nix/store/nfyj24p265scn3zp0pk0fm4rr5g7s2pf-graalvm17-ce-22.1.0/lib/libjava.so
71346f763000-71346f764000 ---p 00024000 08:10 314462387                  /nix/store/nfyj24p265scn3zp0pk0fm4rr5g7s2pf-graalvm17-ce-22.1.0/lib/libjava.so
71346f764000-71346f765000 r--p 00024000 08:10 314462387                  /nix/store/nfyj24p265scn3zp0pk0fm4rr5g7s2pf-graalvm17-ce-22.1.0/lib/libjava.so
71346f765000-71346f766000 rw-p 00025000 08:10 314462387                  /nix/store/nfyj24p265scn3zp0pk0fm4rr5g7s2pf-graalvm17-ce-22.1.0/lib/libjava.so
71346f766000-71346f767000 rw-p 00000000 00:00 0 
71346f767000-71346f76e000 rw-p 0002f000 08:10 314462387                  /nix/store/nfyj24p265scn3zp0pk0fm4rr5g7s2pf-graalvm17-ce-22.1.0/lib/libjava.so
71346f76e000-71346f776000 rw-s 00000000 00:c61 375                       /tmp/hsperfdata_runner/33
71346f776000-71346f777000 ---p 00000000 00:00 0 
71346f777000-71346f778000 r--p 00000000 00:00 0 
71346f778000-71346f779000 ---p 00000000 00:00 0 
71346f779000-71346f794000 r-xp 00000000 08:10 314462464                  /nix/store/nfyj24p265scn3zp0pk0fm4rr5g7s2pf-graalvm17-ce-22.1.0/lib/libjimage.so
71346f794000-71346f795000 ---p 0001b000 08:10 314462464                  /nix/store/nfyj24p265scn3zp0pk0fm4rr5g7s2pf-graalvm17-ce-22.1.0/lib/libjimage.so
71346f795000-71346f797000 r--p 0001b000 08:10 314462464                  /nix/store/nfyj24p265scn3zp0pk0fm4rr5g7s2pf-graalvm17-ce-22.1.0/lib/libjimage.so
71346f797000-71346f798000 rw-p 0001d000 08:10 314462464                  /nix/store/nfyj24p265scn3zp0pk0fm4rr5g7s2pf-graalvm17-ce-22.1.0/lib/libjimage.so
71346f798000-71346f799000 rw-p 00024000 08:10 314462464                  /nix/store/nfyj24p265scn3zp0pk0fm4rr5g7s2pf-graalvm17-ce-22.1.0/lib/libjimage.so
71346f799000-71346f79d000 ---p 00000000 00:00 0 
71346f79d000-71346f899000 rw-p 00000000 00:00 0 
71346f899000-71346f8a6000 r--p 00000000 08:10 306882165                  /nix/store/scd5n7xsn0hh0lvhhnycr9gx0h8xfzsl-glibc-2.34-210/lib/libm.so.6
71346f8a6000-71346f913000 r-xp 0000d000 08:10 306882165                  /nix/store/scd5n7xsn0hh0lvhhnycr9gx0h8xfzsl-glibc-2.34-210/lib/libm.so.6
71346f913000-71346f970000 r--p 0007a000 08:10 306882165                  /nix/store/scd5n7xsn0hh0lvhhnycr9gx0h8xfzsl-glibc-2.34-210/lib/libm.so.6
71346f970000-71346f971000 r--p 000d6000 08:10 306882165                  /nix/store/scd5n7xsn0hh0lvhhnycr9gx0h8xfzsl-glibc-2.34-210/lib/libm.so.6
71346f971000-71346f972000 rw-p 000d7000 08:10 306882165                  /nix/store/scd5n7xsn0hh0lvhhnycr9gx0h8xfzsl-glibc-2.34-210/lib/libm.so.6
71346f972000-71346f973000 r--p 00000000 08:10 306882300                  /nix/store/scd5n7xsn0hh0lvhhnycr9gx0h8xfzsl-glibc-2.34-210/lib/librt.so.1
71346f973000-71346f974000 r-xp 00001000 08:10 306882300                  /nix/store/scd5n7xsn0hh0lvhhnycr9gx0h8xfzsl-glibc-2.34-210/lib/librt.so.1
71346f974000-71346f975000 r--p 00002000 08:10 306882300                  /nix/store/scd5n7xsn0hh0lvhhnycr9gx0h8xfzsl-glibc-2.34-210/lib/librt.so.1
71346f975000-71346f976000 r--p 00002000 08:10 306882300                  /nix/store/scd5n7xsn0hh0lvhhnycr9gx0h8xfzsl-glibc-2.34-210/lib/librt.so.1
71346f976000-71346f977000 rw-p 00003000 08:10 306882300                  /nix/store/scd5n7xsn0hh0lvhhnycr9gx0h8xfzsl-glibc-2.34-210/lib/librt.so.1
71346f977000-713470aa8000 r-xp 00000000 08:10 314481921                  /nix/store/nfyj24p265scn3zp0pk0fm4rr5g7s2pf-graalvm17-ce-22.1.0/lib/server/libjvm.so
713470aa8000-713470aa9000 ---p 01131000 08:10 314481921                  /nix/store/nfyj24p265scn3zp0pk0fm4rr5g7s2pf-graalvm17-ce-22.1.0/lib/server/libjvm.so
713470aa9000-713470b5e000 r--p 01131000 08:10 314481921                  /nix/store/nfyj24p265scn3zp0pk0fm4rr5g7s2pf-graalvm17-ce-22.1.0/lib/server/libjvm.so
713470b5e000-713470b91000 rw-p 011e6000 08:10 314481921                  /nix/store/nfyj24p265scn3zp0pk0fm4rr5g7s2pf-graalvm17-ce-22.1.0/lib/server/libjvm.so
713470b91000-713470bf0000 rw-p 00000000 00:00 0 
713470bf0000-713470c18000 r--p 00000000 08:10 306881957                  /nix/store/scd5n7xsn0hh0lvhhnycr9gx0h8xfzsl-glibc-2.34-210/lib/libc.so.6
713470c18000-713470d82000 r-xp 00028000 08:10 306881957                  /nix/store/scd5n7xsn0hh0lvhhnycr9gx0h8xfzsl-glibc-2.34-210/lib/libc.so.6
713470d82000-713470ddb000 r--p 00192000 08:10 306881957                  /nix/store/scd5n7xsn0hh0lvhhnycr9gx0h8xfzsl-glibc-2.34-210/lib/libc.so.6
713470ddb000-713470ddf000 r--p 001ea000 08:10 306881957                  /nix/store/scd5n7xsn0hh0lvhhnycr9gx0h8xfzsl-glibc-2.34-210/lib/libc.so.6
713470ddf000-713470de1000 rw-p 001ee000 08:10 306881957                  /nix/store/scd5n7xsn0hh0lvhhnycr9gx0h8xfzsl-glibc-2.34-210/lib/libc.so.6
713470de1000-713470dee000 rw-p 00000000 00:00 0 
713470dee000-713470def000 r--p 00000000 08:10 306882149                  /nix/store/scd5n7xsn0hh0lvhhnycr9gx0h8xfzsl-glibc-2.34-210/lib/libdl.so.2
713470def000-713470df0000 r-xp 00001000 08:10 306882149                  /nix/store/scd5n7xsn0hh0lvhhnycr9gx0h8xfzsl-glibc-2.34-210/lib/libdl.so.2
713470df0000-713470df1000 r--p 00002000 08:10 306882149                  /nix/store/scd5n7xsn0hh0lvhhnycr9gx0h8xfzsl-glibc-2.34-210/lib/libdl.so.2
713470df1000-713470df2000 r--p 00002000 08:10 306882149                  /nix/store/scd5n7xsn0hh0lvhhnycr9gx0h8xfzsl-glibc-2.34-210/lib/libdl.so.2
713470df2000-713470df3000 rw-p 00003000 08:10 306882149                  /nix/store/scd5n7xsn0hh0lvhhnycr9gx0h8xfzsl-glibc-2.34-210/lib/libdl.so.2
713470df3000-713470df4000 r--p 00000000 08:10 306882289                  /nix/store/scd5n7xsn0hh0lvhhnycr9gx0h8xfzsl-glibc-2.34-210/lib/libpthread.so.0
713470df4000-713470df5000 r-xp 00001000 08:10 306882289                  /nix/store/scd5n7xsn0hh0lvhhnycr9gx0h8xfzsl-glibc-2.34-210/lib/libpthread.so.0
713470df5000-713470df6000 r--p 00002000 08:10 306882289                  /nix/store/scd5n7xsn0hh0lvhhnycr9gx0h8xfzsl-glibc-2.34-210/lib/libpthread.so.0
713470df6000-713470df7000 r--p 00002000 08:10 306882289                  /nix/store/scd5n7xsn0hh0lvhhnycr9gx0h8xfzsl-glibc-2.34-210/lib/libpthread.so.0
713470df7000-713470df8000 rw-p 00003000 08:10 306882289                  /nix/store/scd5n7xsn0hh0lvhhnycr9gx0h8xfzsl-glibc-2.34-210/lib/libpthread.so.0
713470df8000-713470e07000 r-xp 00000000 08:10 314462471                  /nix/store/nfyj24p265scn3zp0pk0fm4rr5g7s2pf-graalvm17-ce-22.1.0/lib/libjli.so
713470e07000-713470e08000 r--p 0000e000 08:10 314462471                  /nix/store/nfyj24p265scn3zp0pk0fm4rr5g7s2pf-graalvm17-ce-22.1.0/lib/libjli.so
713470e08000-713470e09000 rw-p 0000f000 08:10 314462471                  /nix/store/nfyj24p265scn3zp0pk0fm4rr5g7s2pf-graalvm17-ce-22.1.0/lib/libjli.so
713470e09000-713470e0a000 rw-p 00012000 08:10 314462471                  /nix/store/nfyj24p265scn3zp0pk0fm4rr5g7s2pf-graalvm17-ce-22.1.0/lib/libjli.so
713470e0a000-713470e0d000 r--p 00000000 08:10 306931549                  /nix/store/q7k32ydcqlram7f0l6b1y2c4cs07765y-zlib-1.2.12/lib/libz.so.1.2.12
713470e0d000-713470e1f000 r-xp 00003000 08:10 306931549                  /nix/store/q7k32ydcqlram7f0l6b1y2c4cs07765y-zlib-1.2.12/lib/libz.so.1.2.12
713470e1f000-713470e26000 r--p 00015000 08:10 306931549                  /nix/store/q7k32ydcqlram7f0l6b1y2c4cs07765y-zlib-1.2.12/lib/libz.so.1.2.12
713470e26000-713470e27000 r--p 0001b000 08:10 306931549                  /nix/store/q7k32ydcqlram7f0l6b1y2c4cs07765y-zlib-1.2.12/lib/libz.so.1.2.12
713470e27000-713470e28000 rw-p 0001c000 08:10 306931549                  /nix/store/q7k32ydcqlram7f0l6b1y2c4cs07765y-zlib-1.2.12/lib/libz.so.1.2.12
713470e28000-713470e2a000 rw-p 00000000 00:00 0 
713470e2a000-713470e2b000 r--p 00000000 08:10 306881922                  /nix/store/scd5n7xsn0hh0lvhhnycr9gx0h8xfzsl-glibc-2.34-210/lib/ld-linux-x86-64.so.2
713470e2b000-713470e50000 r-xp 00001000 08:10 306881922                  /nix/store/scd5n7xsn0hh0lvhhnycr9gx0h8xfzsl-glibc-2.34-210/lib/ld-linux-x86-64.so.2
713470e50000-713470e5a000 r--p 00026000 08:10 306881922                  /nix/store/scd5n7xsn0hh0lvhhnycr9gx0h8xfzsl-glibc-2.34-210/lib/ld-linux-x86-64.so.2
713470e5a000-713470e5c000 r--p 0002f000 08:10 306881922                  /nix/store/scd5n7xsn0hh0lvhhnycr9gx0h8xfzsl-glibc-2.34-210/lib/ld-linux-x86-64.so.2
713470e5c000-713470e5e000 rw-p 00031000 08:10 306881922                  /nix/store/scd5n7xsn0hh0lvhhnycr9gx0h8xfzsl-glibc-2.34-210/lib/ld-linux-x86-64.so.2
7ffe0df90000-7ffe0dfb4000 rw-p 00000000 00:00 0                          [stack]
7ffe0dfe1000-7ffe0dfe5000 r--p 00000000 00:00 0                          [vvar]
7ffe0dfe5000-7ffe0dfe7000 r-xp 00000000 00:00 0                          [vdso]
ffffffffff600000-ffffffffff601000 --xp 00000000 00:00 0                  [vsyscall]


VM Arguments:
jvm_args: -XX:ThreadPriorityPolicy=1 -XX:+UnlockExperimentalVMOptions -XX:+EnableJVMCIProduct -XX:-UnlockExperimentalVMOptions -Declipse.application=org.eclipse.jdt.ls.core.id1 -Dosgi.bundles.defaultStartLevel=4 -Declipse.product=org.eclipse.jdt.ls.core.product -Dlog.level=ALL -Xverify:none -XX:+UseParallelGC -XX:GCTimeRatio=4 -XX:AdaptiveSizePolicyWeight=90 -Dsun.zip.disableMemoryMapping=true -Xmx512m -Xms100m 
java_command: /nix/store/sd8axp731hy4smmj2vs3057mhmmkw4hg-jdt-language-server-1.9.0/share/java/plugins/org.eclipse.equinox.launcher_1.6.400.v20210924-0641.jar --add-modules=ALL-SYSTEM --add-opens java.base/java.util=ALL-UNNAMED --add-opens java.base/java.lang=ALL-UNNAMED -configuration /home/runner/FractionCalc-TahaLodhi1-og/.cache/jdt-language-server/config -data /home/runner/.cache/jdt-language-server/data/home/runner/FractionCalc-TahaLodhi1-og
java_class_path (initial): /nix/store/sd8axp731hy4smmj2vs3057mhmmkw4hg-jdt-language-server-1.9.0/share/java/plugins/org.eclipse.equinox.launcher_1.6.400.v20210924-0641.jar
Launcher Type: SUN_STANDARD

[Global flags]
    uintx AdaptiveSizePolicyWeight                 = 90                                        {product} {command line}
     intx CICompilerCount                          = 2                                         {product} {ergonomic}
     bool EnableJVMCIProduct                       = true                                {JVMCI product} {jimage}
    uintx GCTimeRatio                              = 4                                         {product} {command line}
   size_t InitialHeapSize                          = 104857600                                 {product} {command line}
   size_t MaxHeapSize                              = 536870912                                 {product} {command line}
   size_t MaxNewSize                               = 178782208                                 {product} {ergonomic}
   size_t MinHeapDeltaBytes                        = 524288                                    {product} {ergonomic}
   size_t MinHeapSize                              = 104857600                                 {product} {command line}
   size_t NewSize                                  = 34603008                                  {product} {ergonomic}
    uintx NonNMethodCodeHeapSize                   = 5826188                                {pd product} {ergonomic}
    uintx NonProfiledCodeHeapSize                  = 122916026                              {pd product} {ergonomic}
   size_t OldSize                                  = 70254592                                  {product} {ergonomic}
    uintx ProfiledCodeHeapSize                     = 122916026                              {pd product} {ergonomic}
    uintx ReservedCodeCacheSize                    = 251658240                              {pd product} {ergonomic}
     bool SegmentedCodeCache                       = true                                      {product} {ergonomic}
   size_t SoftMaxHeapSize                          = 536870912                              {manageable} {ergonomic}
     intx ThreadPriorityPolicy                     = 1                                         {product} {jimage}
     bool UseCompressedClassPointers               = true                           {product lp64_product} {ergonomic}
     bool UseCompressedOops                        = true                           {product lp64_product} {ergonomic}
     bool UseParallelGC                            = true                                      {product} {command line}

Logging:
Log output configuration:
 #0: stdout all=warning uptime,level,tags
 #1: stderr all=off uptime,level,tags

Environment Variables:
JAVA_HOME=/nix/store/nfyj24p265scn3zp0pk0fm4rr5g7s2pf-graalvm17-ce-22.1.0
PATH=/nix/store/wp7kc5y840ldi5sd8j81fj4dabccff2d-binutils-wrapper-2.38/bin:/nix/store/ag2bpk0lzjvj409znklrz5krkpc5imzs-gcc-wrapper-11.3.0/bin:/nix/store/v48s6iddb518j9lc1pk3rcn3x8c2ff0j-bash-interactive-5.1-p16/bin:/nix/store/knssayvl4p7gfapib4wcfhzy14169kva-patchelf-0.14.5/bin:/nix/store/as1xzrm2921pnxx4jvxj39jn4v88wdy1-gcc-11.3.0/bin:/nix/store/h0cnbmfcn93xm5dg2x27ixhag1cwndga-glibc-2.34-210-bin/bin:/nix/store/7jr7pr4c6yb85xpzay5xafs5zlcadkhz-coreutils-9.0/bin:/nix/store/rq6bh3qfrqnyqwik0w3q6w180zg3w2pa-binutils-2.38/bin:/nix/store/nfyj24p265scn3zp0pk0fm4rr5g7s2pf-graalvm17-ce-22.1.0/bin:/nix/store/13zd7dmzpnzd1zhc8kh5lvzpbfal9rnx-apache-maven-3.8.5/bin:/nix/store/sd8axp731hy4smmj2vs3057mhmmkw4hg-jdt-language-server-1.9.0/bin:/nix/store/3gv2zcihfc5inx07kpkavvv2w54p454x-java-debug/bin:/nix/store/140f6s4nwiawrr3xyxarmcv2mk62m62y-findutils-4.9.0/bin:/nix/store/35swvg68q1j3m9fbhcdnqwk9mlm8plvn-diffutils-3.8/bin:/nix/store/lgvd2fh4cndlv8mnyy49jp1nplpml3xp-gnused-4.8/bin:/nix/store/qd9jxc0q00cr7fp30y6jbbww20gj33lg-gnugrep-3.7/bin:/nix/store/w3p77mkdy3pigg12iyha8y9dqakhjsxn-gawk-5.1.1/bin:/nix/store/jm7czg4lgfhiphkyjwn1k1i8liqqizgi-gnutar-1.34/bin:/nix/store/vqpkbr3isafl4867app44w636zrkr9wp-gzip-1.12/bin:/nix/store/fkwcqfw3gcspmpmxqxqnxjja74sg207g-bzip2-1.0.6.0.2-bin/bin:/nix/store/4gkcrzpn31sb12fnzclyfzhpd8xh8l6x-gnumake-4.3/bin:/nix/store/iffl6dlplhv22i2xy7n1w51a5r631kmi-bash-5.1-p16/bin:/nix/store/c0hmdlwdd85gzmilafg4gzzdb2vpg176-patch-2.7.6/bin:/nix/store/kyg5qxx0nl5hfjx0kgw120b85i4l6i8y-xz-5.2.5-bin/bin:/nix/store/rfljz7mhyzbq8sq2qz9l37c3am9gnx98-pid1/bin:/nix/store/xpxkipb5mhlyh9xmdj2dc5dksj6b4c6b-replit-runtime-path/bin:/home/runner/.nix-profile/bin:/home/runner/.local/bin:/usr/local/sbin:/usr/local/bin:/usr/sbin:/usr/bin:/sbin:/bin
LD_LIBRARY_PATH=/nix/store/z7ff1q791ar3ghh8fcmiblaq654sw220-cups-2.4.2-lib/lib:/nix/store/yvzlx032kf9kn507y7iyrqxspfypvnnr-cairo-1.16.0/lib:/nix/store/s7yq6ngnxf4gsp4263q7xywfjihh5mpn-glib-2.72.2/lib:/nix/store/sqhmx15c0ici7qsy4ambqhkic76pc7fq-gtk+3-3.24.34/lib
DISPLAY=:0
LANG=en_US.UTF-8

Signal Handlers:
   SIGSEGV: crash_handler in libjvm.so, mask=11100100010111111101111111111110, flags=SA_RESTART|SA_SIGINFO
    SIGBUS: crash_handler in libjvm.so, mask=11100100010111111101111111111110, flags=SA_RESTART|SA_SIGINFO
    SIGFPE: crash_handler in libjvm.so, mask=11100100010111111101111111111110, flags=SA_RESTART|SA_SIGINFO
   SIGPIPE: javaSignalHandler in libjvm.so, mask=11100100010111111101111111111110, flags=SA_RESTART|SA_SIGINFO
   SIGXFSZ: javaSignalHandler in libjvm.so, mask=11100100010111111101111111111110, flags=SA_RESTART|SA_SIGINFO
    SIGILL: crash_handler in libjvm.so, mask=11100100010111111101111111111110, flags=SA_RESTART|SA_SIGINFO
   SIGUSR2: SR_handler in libjvm.so, mask=00000000000000000000000000000000, flags=SA_RESTART|SA_SIGINFO
    SIGHUP: UserHandler in libjvm.so, mask=11100100010111111101111111111110, flags=SA_RESTART|SA_SIGINFO
    SIGINT: UserHandler in libjvm.so, mask=11100100010111111101111111111110, flags=SA_RESTART|SA_SIGINFO
   SIGTERM: UserHandler in libjvm.so, mask=11100100010111111101111111111110, flags=SA_RESTART|SA_SIGINFO
   SIGQUIT: UserHandler in libjvm.so, mask=11100100010111111101111111111110, flags=SA_RESTART|SA_SIGINFO
  *** Handler was modified!
  *** Expected: javaSignalHandler in libjvm.so, mask=11100100110111111111111111111110, flags=SA_RESTART|SA_SIGINFO
   SIGTRAP: crash_handler in libjvm.so, mask=11100100010111111101111111111110, flags=SA_RESTART|SA_SIGINFO


---------------  S Y S T E M  ---------------

OS:
DISTRIB_ID=Ubuntu
DISTRIB_RELEASE=20.04
DISTRIB_CODENAME=focal
DISTRIB_DESCRIPTION="Ubuntu 20.04.2 LTS"
uname: Linux 6.5.0-1017-gcp #17~22.04.1-Ubuntu SMP Thu Mar 14 20:30:38 UTC 2024 x86_64
OS uptime: 0 days 0:42 hours
libc: glibc 2.34 NPTL 2.34 
rlimit (soft/hard): STACK 8192k/infinity , CORE infinity/infinity , NPROC infinity/infinity , NOFILE 20971/20971 , AS infinity/infinity , CPU infinity/infinity , DATA infinity/infinity , FSIZE infinity/infinity , MEMLOCK 8192k/8192k
load average: 84.44 31.15 15.83

/proc/meminfo:
MemTotal:       65835404 kB
MemFree:        44028088 kB
MemAvailable:   52964884 kB
Buffers:          878036 kB
Cached:          8154284 kB
SwapCached:            0 kB
Active:         13971208 kB
Inactive:        6048280 kB
Active(anon):   11014380 kB
Inactive(anon):    79180 kB
Active(file):    2956828 kB
Inactive(file):  5969100 kB
Unevictable:       27820 kB
Mlocked:           27820 kB
SwapTotal:             0 kB
SwapFree:              0 kB
Zswap:                 0 kB
Zswapped:              0 kB
Dirty:              4272 kB
Writeback:           568 kB
AnonPages:      10977896 kB
Mapped:          1767408 kB
Shmem:            106904 kB
KReclaimable:     737320 kB
Slab:            1175248 kB
SReclaimable:     737320 kB
SUnreclaim:       437928 kB
KernelStack:      113648 kB
PageTables:       156132 kB
SecPageTables:         0 kB
NFS_Unstable:          0 kB
Bounce:                0 kB
WritebackTmp:          0 kB
CommitLimit:    32917700 kB
Committed_AS:   36443352 kB
VmallocTotal:   34359738367 kB
VmallocUsed:      135208 kB
VmallocChunk:          0 kB
Percpu:            30208 kB
HardwareCorrupted:     0 kB
AnonHugePages:    110592 kB
ShmemHugePages:        0 kB
ShmemPmdMapped:        0 kB
FileHugePages:         0 kB
FilePmdMapped:         0 kB
Unaccepted:            0 kB
HugePages_Total:       0
HugePages_Free:        0
HugePages_Rsvd:        0
HugePages_Surp:        0
Hugepagesize:       2048 kB
Hugetlb:               0 kB
DirectMap4k:      146232 kB
DirectMap2M:     8239104 kB
DirectMap1G:    60817408 kB

/sys/kernel/mm/transparent_hugepage/enabled: always [madvise] never
/sys/kernel/mm/transparent_hugepage/defrag (defrag/compaction efforts parameter): always defer defer+madvise [madvise] never

Process Memory:
Virtual Size: 4635252K (peak: 4711220K)
Resident Set Size: 760020K (peak: 763560K) (anon: 555220K, file: 204800K, shmem: 0K)
Swapped out: 0K
C-Heap outstanding allocations: 24041K

/proc/sys/kernel/threads-max (system-wide limit on the number of threads): 514277
/proc/sys/vm/max_map_count (maximum number of memory map areas a process may have): 65530
/proc/sys/kernel/pid_max (system-wide limit on number of process identifiers): 4194304

container (cgroup) information:
container_type: cgroupv2
cpu_cpuset_cpus: not supported
cpu_memory_nodes: not supported
active_processor_count: 2
cpu_quota: 200000
cpu_period: 100000
cpu_shares: no shares
memory_limit_in_bytes: 3371548672
memory_and_swap_limit_in_bytes: unlimited
memory_soft_limit_in_bytes: 2147483648
memory_usage_in_bytes: 1256505344
memory_max_usage_in_bytes: not supported
maximum number of tasks: not supported
current number of tasks: not supported

KVM virtualization detected
Steal ticks since vm start: 809
Steal ticks percentage since vm start:  0.001

CPU: total 8 (initial active 2) (4 cores per cpu, 2 threads per core) family 6 model 79 stepping 0 microcode 0xffffffff, cx8, cmov, fxsr, ht, mmx, 3dnowpref, sse, sse2, sse3, ssse3, sse4.1, sse4.2, popcnt, lzcnt, tsc, tscinvbit, avx, avx2, aes, erms, clmul, bmi1, bmi2, rtm, adx, fma, vzeroupper, clflush, hv
CPU Model and flags from /proc/cpuinfo:
model name	: Intel(R) Xeon(R) CPU @ 2.20GHz
flags		: fpu vme de pse tsc msr pae mce cx8 apic sep mtrr pge mca cmov pat pse36 clflush mmx fxsr sse sse2 ss ht syscall nx pdpe1gb rdtscp lm constant_tsc rep_good nopl xtopology nonstop_tsc cpuid tsc_known_freq pni pclmulqdq ssse3 fma cx16 pcid sse4_1 sse4_2 x2apic movbe popcnt aes xsave avx f16c rdrand hypervisor lahf_lm abm 3dnowprefetch invpcid_single pti ssbd ibrs ibpb stibp fsgsbase tsc_adjust bmi1 hle avx2 smep bmi2 erms invpcid rtm rdseed adx smap xsaveopt arat md_clear arch_capabilities

Online cpus: 0-7
Offline cpus: 
BIOS frequency limitation: <Not Available>
Frequency switch latency (ns): <Not Available>
Available cpu frequencies: <Not Available>
Current governor: <Not Available>
Core performance/turbo boost: <Not Available>

Memory: 4k page, physical 3292528k(2065460k free), swap 0k(0k free)
Page Sizes: 4k

vm_info: OpenJDK 64-Bit Server VM (17.0.3+7-jvmci-22.1-b06) for linux-amd64 JRE (17.0.3+7-jvmci-22.1-b06), built on Apr 20 2022 11:56:33 by "buildslave" with gcc 10.3.0

END.
